2025-09-14 09:10:48.249 [info] Reading sessions from keychain...
2025-09-14 09:10:48.249 [info] Getting sessions for all scopes...
2025-09-14 09:10:48.249 [info] Got stored sessions!
2025-09-14 09:10:48.249 [info] Got 1 verified sessions.
2025-09-14 09:10:48.249 [info] Got 1 sessions for ...
2025-09-14 09:10:48.249 [info] Getting sessions for all scopes...
2025-09-14 09:10:48.249 [info] Got 1 sessions for ...
2025-09-14 09:10:48.249 [info] Getting sessions for all scopes...
2025-09-14 09:10:48.249 [info] Got 1 sessions for ...
2025-09-14 09:10:48.249 [info] Getting sessions for all scopes...
2025-09-14 09:10:48.249 [info] Got 1 sessions for ...
2025-09-14 09:10:48.249 [info] Getting sessions for all scopes...
2025-09-14 09:10:48.249 [info] Got 1 sessions for ...
2025-09-14 09:10:48.249 [info] Getting sessions for all scopes...
2025-09-14 09:10:48.249 [info] Got 1 sessions for ...
2025-09-14 09:10:48.249 [info] Getting sessions for all scopes...
2025-09-14 09:10:48.249 [info] Got 1 sessions for ...
2025-09-14 09:10:48.249 [info] Getting sessions for all scopes...
2025-09-14 09:10:48.249 [info] Got 1 sessions for ...
2025-09-14 09:10:48.249 [info] Getting sessions for all scopes...
2025-09-14 09:10:48.249 [info] Got 1 sessions for ...
2025-09-14 09:10:48.249 [info] Getting sessions for all scopes...
2025-09-14 09:10:48.249 [info] Got 1 sessions for ...
2025-09-14 09:10:48.249 [info] Getting sessions for all scopes...
2025-09-14 09:10:48.249 [info] Got 1 sessions for ...
2025-09-14 09:10:48.249 [info] Getting sessions for all scopes...
2025-09-14 09:10:48.249 [info] Got 1 sessions for ...
2025-09-14 09:10:48.250 [info] Getting sessions for all scopes...
2025-09-14 09:10:48.250 [info] Got 1 sessions for ...
2025-09-14 09:10:48.250 [info] Getting sessions for all scopes...
2025-09-14 09:10:48.250 [info] Got 1 sessions for ...
2025-09-14 09:10:48.250 [info] Getting sessions for all scopes...
2025-09-14 09:10:48.250 [info] Got 1 sessions for ...
2025-09-14 09:10:48.250 [info] Getting sessions for all scopes...
2025-09-14 09:10:48.250 [info] Got 1 sessions for ...
2025-09-14 09:10:48.250 [info] Getting sessions for all scopes...
2025-09-14 09:10:48.250 [info] Got 1 sessions for ...
2025-09-14 09:10:48.250 [info] Getting sessions for all scopes...
2025-09-14 09:10:48.250 [info] Got 1 sessions for ...
2025-09-14 09:10:48.250 [info] Getting sessions for read:user,repo,user:email,workflow...
2025-09-14 09:10:48.250 [info] Got 0 sessions for read:user,repo,user:email,workflow...
2025-09-14 09:10:48.250 [info] Getting sessions for user:email...
2025-09-14 09:10:48.250 [info] Got 1 sessions for user:email...
2025-09-14 09:10:48.250 [info] Getting sessions for read:user,repo,user:email,workflow...
2025-09-14 09:10:48.250 [info] Got 0 sessions for read:user,repo,user:email,workflow...
2025-09-14 09:10:49.807 [info] Getting sessions for all scopes...
2025-09-14 09:10:49.807 [info] Got 1 sessions for ...
2025-09-14 09:10:49.807 [info] Getting sessions for all scopes...
2025-09-14 09:10:49.807 [info] Got 1 sessions for ...
2025-09-14 09:10:49.808 [info] Getting sessions for all scopes...
2025-09-14 09:10:49.808 [info] Got 1 sessions for ...
2025-09-14 09:10:49.816 [info] Getting sessions for all scopes...
2025-09-14 09:10:49.816 [info] Got 1 sessions for ...
2025-09-14 09:10:49.913 [info] Getting sessions for read:user,repo,user:email,workflow...
2025-09-14 09:10:49.913 [info] Got 0 sessions for read:user,repo,user:email,workflow...
2025-09-14 09:10:50.015 [info] Getting sessions for user:email...
2025-09-14 09:10:50.015 [info] Got 1 sessions for user:email...
2025-09-14 09:10:50.267 [info] Getting sessions for all scopes...
2025-09-14 09:10:50.267 [info] Got 1 sessions for ...
2025-09-14 09:10:50.269 [info] Getting sessions for read:user,repo,user:email,workflow...
2025-09-14 09:10:50.269 [info] Got 0 sessions for read:user,repo,user:email,workflow...
2025-09-14 09:10:50.270 [info] Getting sessions for all scopes...
2025-09-14 09:10:50.270 [info] Got 1 sessions for ...
2025-09-14 09:10:50.271 [info] Getting sessions for all scopes...
2025-09-14 09:10:50.271 [info] Got 1 sessions for ...
2025-09-14 09:10:50.276 [info] Getting sessions for read:user...
2025-09-14 09:10:50.276 [info] Got 0 sessions for read:user...
2025-09-14 09:10:50.281 [info] Getting sessions for read:user,repo,user:email,workflow...
2025-09-14 09:10:50.281 [info] Got 0 sessions for read:user,repo,user:email,workflow...
2025-09-14 09:10:50.283 [info] Getting sessions for user:email...
2025-09-14 09:10:50.283 [info] Got 1 sessions for user:email...
2025-09-14 09:10:50.283 [info] Getting sessions for user:email...
2025-09-14 09:10:50.283 [info] Got 1 sessions for user:email...
2025-09-14 09:10:50.704 [info] fetching: Electron fetch failed with status: 429 
2025-09-14 09:10:50.720 [info] Getting sessions for all scopes...
2025-09-14 09:10:50.720 [info] Got 1 sessions for ...
2025-09-14 09:10:50.721 [info] Getting sessions for read:user,repo,user:email,workflow...
2025-09-14 09:10:50.721 [info] Got 0 sessions for read:user,repo,user:email,workflow...
2025-09-14 09:10:50.721 [info] Getting sessions for user:email...
2025-09-14 09:10:50.721 [info] Got 1 sessions for user:email...
2025-09-14 09:10:50.808 [info] Getting sessions for all scopes...
2025-09-14 09:10:50.808 [info] Got 1 sessions for ...
2025-09-14 09:10:50.809 [info] Getting sessions for all scopes...
2025-09-14 09:10:50.809 [info] Got 1 sessions for ...
2025-09-14 09:10:50.818 [info] Getting sessions for read:user,repo,user:email,workflow...
2025-09-14 09:10:50.818 [info] Got 0 sessions for read:user,repo,user:email,workflow...
2025-09-14 09:10:50.819 [info] Getting sessions for user:email...
2025-09-14 09:10:50.819 [info] Got 1 sessions for user:email...
2025-09-14 09:10:50.819 [info] Getting sessions for read:user,repo,user:email,workflow...
2025-09-14 09:10:50.819 [info] Got 0 sessions for read:user,repo,user:email,workflow...
2025-09-14 09:10:50.820 [info] Getting sessions for all scopes...
2025-09-14 09:10:50.820 [info] Got 1 sessions for ...
2025-09-14 09:10:50.821 [info] Getting sessions for read:user,repo,user:email,workflow...
2025-09-14 09:10:50.821 [info] Got 0 sessions for read:user,repo,user:email,workflow...
2025-09-14 09:10:50.821 [info] Getting sessions for user:email...
2025-09-14 09:10:50.821 [info] Got 1 sessions for user:email...
2025-09-14 09:10:50.872 [info] Getting sessions for all scopes...
2025-09-14 09:10:50.872 [info] Got 1 sessions for ...
2025-09-14 09:10:50.875 [info] Getting sessions for all scopes...
2025-09-14 09:10:50.875 [info] Got 1 sessions for ...
2025-09-14 09:10:50.878 [info] Getting sessions for read:user,repo,user:email,workflow...
2025-09-14 09:10:50.878 [info] Got 0 sessions for read:user,repo,user:email,workflow...
2025-09-14 09:10:50.878 [info] Getting sessions for user:email...
2025-09-14 09:10:50.878 [info] Got 1 sessions for user:email...
2025-09-14 09:10:50.879 [info] Getting sessions for read:user,repo,user:email,workflow...
2025-09-14 09:10:50.879 [info] Got 0 sessions for read:user,repo,user:email,workflow...
2025-09-14 09:10:50.881 [info] Getting sessions for all scopes...
2025-09-14 09:10:50.881 [info] Got 1 sessions for ...
2025-09-14 09:10:50.882 [info] Getting sessions for all scopes...
2025-09-14 09:10:50.882 [info] Got 1 sessions for ...
2025-09-14 09:10:50.882 [info] Getting sessions for all scopes...
2025-09-14 09:10:50.882 [info] Got 1 sessions for ...
2025-09-14 09:10:50.883 [info] Getting sessions for read:user,repo,user:email,workflow...
2025-09-14 09:10:50.883 [info] Got 0 sessions for read:user,repo,user:email,workflow...
2025-09-14 09:10:50.883 [info] Getting sessions for user:email...
2025-09-14 09:10:50.883 [info] Got 1 sessions for user:email...
2025-09-14 09:10:51.620 [info] fetching: Node fetch failed with status: 429 Too Many Requests
2025-09-14 09:10:52.008 [info] Getting sessions for all scopes...
2025-09-14 09:10:52.008 [info] Got 1 sessions for ...
2025-09-14 09:10:52.009 [info] Getting sessions for read:user,repo,user:email,workflow...
2025-09-14 09:10:52.009 [info] Got 0 sessions for read:user,repo,user:email,workflow...
2025-09-14 09:10:52.010 [info] Getting sessions for user:email...
2025-09-14 09:10:52.010 [info] Got 1 sessions for user:email...
2025-09-14 09:10:52.506 [info] fetching: Node http/s failed with status: 429 Too Many Requests
2025-09-14 09:10:52.735 [info] Getting sessions for all scopes...
2025-09-14 09:10:52.735 [info] Got 1 sessions for ...
2025-09-14 09:11:26.089 [info] Getting sessions for all scopes...
2025-09-14 09:11:26.089 [info] Got 1 sessions for ...
2025-09-14 09:11:26.090 [info] Getting sessions for read:user,repo,user:email,workflow...
2025-09-14 09:11:26.090 [info] Got 0 sessions for read:user,repo,user:email,workflow...
2025-09-14 09:11:26.091 [info] Getting sessions for user:email...
2025-09-14 09:11:26.091 [info] Got 1 sessions for user:email...
2025-09-14 09:11:31.897 [info] Getting sessions for all scopes...
2025-09-14 09:11:31.897 [info] Got 1 sessions for ...
2025-09-14 09:11:31.897 [info] Getting sessions for read:user,repo,user:email,workflow...
2025-09-14 09:11:31.897 [info] Got 0 sessions for read:user,repo,user:email,workflow...
2025-09-14 09:11:31.897 [info] Getting sessions for user:email...
2025-09-14 09:11:31.897 [info] Got 1 sessions for user:email...
2025-09-14 09:11:44.148 [info] Getting sessions for all scopes...
2025-09-14 09:11:44.148 [info] Got 1 sessions for ...
2025-09-14 09:11:44.149 [info] Getting sessions for read:user,repo,user:email,workflow...
2025-09-14 09:11:44.149 [info] Got 0 sessions for read:user,repo,user:email,workflow...
2025-09-14 09:11:44.149 [info] Getting sessions for user:email...
2025-09-14 09:11:44.149 [info] Got 1 sessions for user:email...
2025-09-14 09:11:46.474 [info] Getting sessions for all scopes...
2025-09-14 09:11:46.474 [info] Got 1 sessions for ...
2025-09-14 09:11:46.481 [info] Getting sessions for read:user,repo,user:email,workflow...
2025-09-14 09:11:46.481 [info] Got 0 sessions for read:user,repo,user:email,workflow...
2025-09-14 09:11:46.481 [info] Getting sessions for user:email...
2025-09-14 09:11:46.481 [info] Got 1 sessions for user:email...
2025-09-14 09:11:56.180 [info] Getting sessions for all scopes...
2025-09-14 09:11:56.180 [info] Got 1 sessions for ...
2025-09-14 09:11:56.181 [info] Getting sessions for read:user,repo,user:email,workflow...
2025-09-14 09:11:56.181 [info] Got 0 sessions for read:user,repo,user:email,workflow...
2025-09-14 09:11:56.181 [info] Getting sessions for user:email...
2025-09-14 09:11:56.181 [info] Got 1 sessions for user:email...
