2025-09-15 07:59:40.992 [info] [main] Log level: Info
2025-09-15 07:59:40.992 [info] [main] Validating found git in: "git"
2025-09-15 07:59:40.992 [info] [main] Using git "2.43.0" from "git"
2025-09-15 07:59:40.992 [info] [Model][doInitialScan] Initial repository scan started
2025-09-15 07:59:40.992 [info] [Model][doInitialScan] Initial repository scan completed - repositories (0), closed repositories (0), parent repositories (0), unsafe repositories (0)
2025-09-15 07:59:57.527 [info] [main] Log level: Info
2025-09-15 07:59:57.527 [info] [main] Validating found git in: "git"
2025-09-15 07:59:57.527 [info] [main] Using git "2.43.0" from "git"
2025-09-15 07:59:57.527 [info] [Model][doInitialScan] Initial repository scan started
2025-09-15 07:59:57.527 [info] > git rev-parse --show-toplevel [43ms]
2025-09-15 07:59:57.854 [info] > git rev-parse --git-dir --git-common-dir --show-superproject-working-tree [213ms]
2025-09-15 07:59:57.862 [info] [Model][openRepository] Opened repository (path): /home/blundercon/dotfiles
2025-09-15 07:59:57.862 [info] [Model][openRepository] Opened repository (real path): /home/blundercon/dotfiles
2025-09-15 07:59:57.862 [info] [Model][openRepository] Opened repository (kind): repository
2025-09-15 07:59:57.885 [info] > git config --get commit.template [13ms]
2025-09-15 07:59:57.890 [info] > git rev-parse --show-toplevel [7ms]
2025-09-15 07:59:57.910 [info] > git for-each-ref --format=%(refname)%00%(upstream:short)%00%(objectname)%00%(upstream:track)%00%(upstream:remotename)%00%(upstream:remoteref) refs/heads/main refs/remotes/main [7ms]
2025-09-15 07:59:57.912 [info] > git rev-parse --show-toplevel [3ms]
2025-09-15 07:59:57.922 [info] > git rev-parse --show-toplevel [2ms]
2025-09-15 07:59:57.966 [info] > git status -z -uall [36ms]
2025-09-15 07:59:57.967 [info] > git rev-parse --show-toplevel [22ms]
2025-09-15 07:59:57.967 [info] > git for-each-ref --sort -committerdate --format %(refname)%00%(objectname)%00%(*objectname) [30ms]
2025-09-15 07:59:58.001 [info] > git for-each-ref --format=%(refname)%00%(upstream:short)%00%(objectname)%00%(upstream:track)%00%(upstream:remotename)%00%(upstream:remoteref) refs/heads/main refs/remotes/main [14ms]
2025-09-15 07:59:58.012 [info] > git config --get --local branch.main.vscode-merge-base [3ms]
2025-09-15 07:59:58.012 [warning] [Git][config] git config failed: Failed to execute git
2025-09-15 07:59:58.018 [info] > git config --get commit.template [17ms]
2025-09-15 07:59:58.018 [info] > git rev-parse --show-toplevel [23ms]
2025-09-15 07:59:58.094 [info] > git reflog main --grep-reflog=branch: Created from *. [76ms]
2025-09-15 07:59:58.101 [info] > git for-each-ref --format=%(refname)%00%(upstream:short)%00%(objectname)%00%(upstream:track)%00%(upstream:remotename)%00%(upstream:remoteref) refs/heads/main refs/remotes/main [7ms]
2025-09-15 07:59:58.101 [info] > git rev-parse --show-toplevel [13ms]
2025-09-15 07:59:58.103 [info] [Model][doInitialScan] Initial repository scan completed - repositories (1), closed repositories (0), parent repositories (0), unsafe repositories (0)
2025-09-15 07:59:58.104 [info] > git symbolic-ref --short refs/remotes/origin/HEAD [4ms]
2025-09-15 07:59:58.112 [info] > git for-each-ref --format=%(refname)%00%(upstream:short)%00%(objectname)%00%(upstream:track)%00%(upstream:remotename)%00%(upstream:remoteref) refs/heads/origin/main refs/remotes/origin/main [1ms]
2025-09-15 07:59:58.136 [info] > git status -z -uall [10ms]
2025-09-15 07:59:58.136 [info] > git for-each-ref --sort -committerdate --format %(refname)%00%(objectname)%00%(*objectname) [4ms]
2025-09-15 07:59:58.139 [info] > git config --add --local branch.main.vscode-merge-base origin/main [20ms]
2025-09-15 07:59:58.147 [info] > git config --get commit.template [1ms]
2025-09-15 07:59:58.154 [info] > git for-each-ref --format=%(refname)%00%(upstream:short)%00%(objectname)%00%(upstream:track)%00%(upstream:remotename)%00%(upstream:remoteref) refs/heads/main refs/remotes/main [1ms]
2025-09-15 07:59:58.171 [info] > git status -z -uall [10ms]
2025-09-15 07:59:58.172 [info] > git for-each-ref --sort -committerdate --format %(refname)%00%(objectname)%00%(*objectname) [5ms]
2025-09-15 07:59:58.187 [info] > git merge-base refs/heads/main refs/remotes/origin/main [6ms]
2025-09-15 07:59:58.194 [info] > git merge-base refs/heads/main refs/remotes/origin/main [7ms]
2025-09-15 07:59:58.203 [info] > git diff --name-status -z --diff-filter=ADMR 94f0b930baaf7df43cca0fd021a35bc991a8c450...refs/remotes/origin/main [3ms]
2025-09-15 07:59:58.204 [info] > git diff --name-status -z --diff-filter=ADMR 94f0b930baaf7df43cca0fd021a35bc991a8c450...refs/remotes/origin/main [11ms]
2025-09-15 07:59:58.411 [info] > git check-ignore -v -z --stdin [10ms]
2025-09-15 07:59:58.483 [info] > git config --get commit.template [9ms]
2025-09-15 07:59:58.496 [info] > git for-each-ref --format=%(refname)%00%(upstream:short)%00%(objectname)%00%(upstream:track)%00%(upstream:remotename)%00%(upstream:remoteref) refs/heads/main refs/remotes/main [1ms]
2025-09-15 07:59:58.511 [info] > git status -z -uall [8ms]
2025-09-15 07:59:58.511 [info] > git for-each-ref --sort -committerdate --format %(refname)%00%(objectname)%00%(*objectname) [3ms]
2025-09-15 07:59:59.216 [info] > git config --get commit.template [3ms]
2025-09-15 07:59:59.225 [info] > git for-each-ref --format=%(refname)%00%(upstream:short)%00%(objectname)%00%(upstream:track)%00%(upstream:remotename)%00%(upstream:remoteref) refs/heads/main refs/remotes/main [1ms]
2025-09-15 07:59:59.238 [info] > git status -z -uall [7ms]
2025-09-15 07:59:59.239 [info] > git for-each-ref --sort -committerdate --format %(refname)%00%(objectname)%00%(*objectname) [2ms]
2025-09-15 08:00:18.689 [info] > git show --textconv :Makefile [8ms]
2025-09-15 08:00:18.689 [info] > git ls-files --stage -- Makefile [1ms]
2025-09-15 08:00:18.696 [info] > git cat-file -s 0d1cc777afcdfb9098e5ba850fd73d22e062adcc [1ms]
2025-09-15 08:00:19.899 [info] > git blame --root --incremental 94f0b930baaf7df43cca0fd021a35bc991a8c450 -- Makefile [6ms]
2025-09-15 08:00:39.499 [info] > git show --textconv :backup.sh [12ms]
2025-09-15 08:00:39.500 [info] > git ls-files --stage -- backup.sh [2ms]
2025-09-15 08:00:39.509 [info] > git cat-file -s d4f444edde80f85fd871f33e994c7f0eedfc4256 [1ms]
2025-09-15 08:00:50.570 [info] > git check-ignore -v -z --stdin [2ms]
2025-09-15 08:00:54.939 [info] > git check-ignore -v -z --stdin [0ms]
2025-09-15 08:00:56.948 [info] > git check-ignore -v -z --stdin [1ms]
2025-09-15 08:01:02.626 [info] > git check-ignore -v -z --stdin [1ms]
2025-09-15 08:01:18.999 [info] > git show --textconv :Makefile [12ms]
2025-09-15 08:01:19.000 [info] > git ls-files --stage -- Makefile [2ms]
2025-09-15 08:01:19.015 [info] > git cat-file -s 0d1cc777afcdfb9098e5ba850fd73d22e062adcc [3ms]
2025-09-15 08:05:23.987 [info] > git config --get commit.template [14ms]
2025-09-15 08:05:23.987 [info] > git check-ignore -v -z --stdin [3ms]
2025-09-15 08:05:24.001 [info] > git for-each-ref --format=%(refname)%00%(upstream:short)%00%(objectname)%00%(upstream:track)%00%(upstream:remotename)%00%(upstream:remoteref) refs/heads/main refs/remotes/main [3ms]
2025-09-15 08:05:24.018 [info] > git status -z -uall [8ms]
2025-09-15 08:05:24.019 [info] > git for-each-ref --sort -committerdate --format %(refname)%00%(objectname)%00%(*objectname) [1ms]
2025-09-15 08:05:42.193 [info] > git check-ignore -v -z --stdin [1ms]
2025-09-15 08:05:47.362 [info] > git config --get commit.template [15ms]
2025-09-15 08:05:47.362 [info] > git for-each-ref --format=%(refname)%00%(upstream:short)%00%(objectname)%00%(upstream:track)%00%(upstream:remotename)%00%(upstream:remoteref) refs/heads/main refs/remotes/main [2ms]
2025-09-15 08:05:47.404 [info] > git status -z -uall [17ms]
2025-09-15 08:05:47.404 [info] > git for-each-ref --sort -committerdate --format %(refname)%00%(objectname)%00%(*objectname) [4ms]
2025-09-15 08:14:16.774 [info] > git config --get commit.template [9ms]
2025-09-15 08:14:16.774 [info] > git for-each-ref --format=%(refname)%00%(upstream:short)%00%(objectname)%00%(upstream:track)%00%(upstream:remotename)%00%(upstream:remoteref) refs/heads/main refs/remotes/main [1ms]
2025-09-15 08:14:16.789 [info] > git status -z -uall [6ms]
2025-09-15 08:14:16.790 [info] > git for-each-ref --sort -committerdate --format %(refname)%00%(objectname)%00%(*objectname) [1ms]
2025-09-15 08:15:07.847 [info] > git check-ignore -v -z --stdin [1ms]
2025-09-15 08:16:11.709 [info] > git config --get commit.template [11ms]
2025-09-15 08:16:11.709 [info] > git for-each-ref --format=%(refname)%00%(upstream:short)%00%(objectname)%00%(upstream:track)%00%(upstream:remotename)%00%(upstream:remoteref) refs/heads/main refs/remotes/main [1ms]
2025-09-15 08:16:11.722 [info] > git status -z -uall [7ms]
2025-09-15 08:16:11.723 [info] > git for-each-ref --sort -committerdate --format %(refname)%00%(objectname)%00%(*objectname) [2ms]
2025-09-15 08:16:27.126 [info] > git config --get commit.template [10ms]
2025-09-15 08:16:27.126 [info] > git for-each-ref --format=%(refname)%00%(upstream:short)%00%(objectname)%00%(upstream:track)%00%(upstream:remotename)%00%(upstream:remoteref) refs/heads/main refs/remotes/main [1ms]
2025-09-15 08:16:27.140 [info] > git status -z -uall [6ms]
2025-09-15 08:16:27.140 [info] > git for-each-ref --sort -committerdate --format %(refname)%00%(objectname)%00%(*objectname) [1ms]
2025-09-15 08:18:03.648 [info] > git config --get commit.template [9ms]
2025-09-15 08:18:03.654 [info] > git ls-files --stage -- Makefile [6ms]
2025-09-15 08:18:03.660 [info] > git for-each-ref --format=%(refname)%00%(upstream:short)%00%(objectname)%00%(upstream:track)%00%(upstream:remotename)%00%(upstream:remoteref) refs/heads/main refs/remotes/main [6ms]
2025-09-15 08:18:03.674 [info] > git status -z -uall [8ms]
2025-09-15 08:18:03.674 [info] > git cat-file -s 592896b884cb3ba81dc0a9bbb9dff1818893c65b [14ms]
2025-09-15 08:18:03.675 [info] > git for-each-ref --sort -committerdate --format %(refname)%00%(objectname)%00%(*objectname) [2ms]
2025-09-15 08:18:03.694 [info] > git blame --root --incremental ede496c6822e44d7c004de86f077052623c2d411 -- Makefile [11ms]
2025-09-15 08:18:03.705 [info] > git show --textconv :Makefile [3ms]
2025-09-15 08:18:03.706 [info] > git merge-base refs/heads/main refs/remotes/origin/main [14ms]
2025-09-15 08:18:03.714 [info] > git diff --name-status -z --diff-filter=ADMR ede496c6822e44d7c004de86f077052623c2d411...refs/remotes/origin/main [1ms]
2025-09-15 08:19:34.093 [info] > git config --get commit.template [9ms]
2025-09-15 08:19:34.093 [info] > git for-each-ref --format=%(refname)%00%(upstream:short)%00%(objectname)%00%(upstream:track)%00%(upstream:remotename)%00%(upstream:remoteref) refs/heads/main refs/remotes/main [1ms]
2025-09-15 08:19:34.105 [info] > git status -z -uall [6ms]
2025-09-15 08:19:34.106 [info] > git for-each-ref --sort -committerdate --format %(refname)%00%(objectname)%00%(*objectname) [1ms]
2025-09-15 08:22:20.976 [info] > git config --get commit.template [7ms]
2025-09-15 08:22:20.977 [info] > git for-each-ref --format=%(refname)%00%(upstream:short)%00%(objectname)%00%(upstream:track)%00%(upstream:remotename)%00%(upstream:remoteref) refs/heads/main refs/remotes/main [0ms]
2025-09-15 08:22:20.989 [info] > git status -z -uall [7ms]
2025-09-15 08:22:20.990 [info] > git for-each-ref --sort -committerdate --format %(refname)%00%(objectname)%00%(*objectname) [1ms]
2025-09-15 08:22:26.022 [info] > git config --get commit.template [13ms]
2025-09-15 08:22:26.023 [info] > git for-each-ref --format=%(refname)%00%(upstream:short)%00%(objectname)%00%(upstream:track)%00%(upstream:remotename)%00%(upstream:remoteref) refs/heads/main refs/remotes/main [2ms]
2025-09-15 08:22:26.042 [info] > git status -z -uall [9ms]
2025-09-15 08:22:26.043 [info] > git for-each-ref --sort -committerdate --format %(refname)%00%(objectname)%00%(*objectname) [2ms]
2025-09-15 08:22:29.565 [info] > git show --textconv :.gitignore [13ms]
2025-09-15 08:22:29.575 [info] > git ls-files --stage -- .gitignore [11ms]
2025-09-15 08:22:29.582 [info] > git hash-object -t tree /dev/null [8ms]
2025-09-15 08:22:29.582 [warning] [GitFileSystemProvider][readFile] File not found - git:/home/blundercon/dotfiles/.gitignore.git?%7B%22path%22%3A%22%2Fhome%2Fblundercon%2Fdotfiles%2F.gitignore%22%2C%22ref%22%3A%22%22%7D
2025-09-15 08:22:29.586 [info] > git hash-object -t tree /dev/null [4ms]
2025-09-15 08:22:29.586 [warning] [GitFileSystemProvider][stat] File not found - git:/home/blundercon/dotfiles/.gitignore.git?%7B%22path%22%3A%22%2Fhome%2Fblundercon%2Fdotfiles%2F.gitignore%22%2C%22ref%22%3A%22%22%7D
2025-09-15 08:22:29.838 [info] > git check-ignore -v -z --stdin [2ms]
2025-09-15 08:22:31.364 [info] > git config --get commit.template [2ms]
2025-09-15 08:22:31.373 [info] > git for-each-ref --format=%(refname)%00%(upstream:short)%00%(objectname)%00%(upstream:track)%00%(upstream:remotename)%00%(upstream:remoteref) refs/heads/main refs/remotes/main [2ms]
2025-09-15 08:22:31.385 [info] > git status -z -uall [6ms]
2025-09-15 08:22:31.385 [info] > git for-each-ref --sort -committerdate --format %(refname)%00%(objectname)%00%(*objectname) [1ms]
2025-09-15 08:23:17.334 [info] > git check-ignore -v -z --stdin [1ms]
2025-09-15 08:24:10.514 [info] > git config --get commit.template [2ms]
2025-09-15 08:24:10.521 [info] > git for-each-ref --format=%(refname)%00%(upstream:short)%00%(objectname)%00%(upstream:track)%00%(upstream:remotename)%00%(upstream:remoteref) refs/heads/main refs/remotes/main [1ms]
2025-09-15 08:24:10.533 [info] > git status -z -uall [6ms]
2025-09-15 08:24:10.534 [info] > git for-each-ref --sort -committerdate --format %(refname)%00%(objectname)%00%(*objectname) [1ms]
2025-09-15 08:24:10.548 [info] > git merge-base refs/heads/main refs/remotes/origin/main [4ms]
2025-09-15 08:24:10.556 [info] > git diff --name-status -z --diff-filter=ADMR 921cff459bb549ede1bde058ab8cceb348d5bbd6...refs/remotes/origin/main [1ms]
2025-09-15 08:24:10.863 [info] > git show --textconv :.gitignore [10ms]
2025-09-15 08:24:10.864 [info] > git ls-files --stage -- .gitignore [2ms]
2025-09-15 08:24:10.873 [info] > git cat-file -s d5edf29a3b42b46317e0bc5df1c40f7024be5d77 [2ms]
2025-09-15 08:24:10.884 [info] > git blame --root --incremental 921cff459bb549ede1bde058ab8cceb348d5bbd6 -- .gitignore [1ms]
2025-09-15 08:24:13.980 [info] > git show --textconv :backup.sh [10ms]
2025-09-15 08:24:13.981 [info] > git ls-files --stage -- backup.sh [1ms]
2025-09-15 08:24:13.989 [info] > git cat-file -s d4f444edde80f85fd871f33e994c7f0eedfc4256 [1ms]
2025-09-15 08:24:14.207 [info] > git blame --root --incremental 921cff459bb549ede1bde058ab8cceb348d5bbd6 -- backup.sh [2ms]
2025-09-15 08:24:15.560 [info] > git config --get commit.template [6ms]
2025-09-15 08:24:15.561 [info] > git for-each-ref --format=%(refname)%00%(upstream:short)%00%(objectname)%00%(upstream:track)%00%(upstream:remotename)%00%(upstream:remoteref) refs/heads/main refs/remotes/main [1ms]
2025-09-15 08:24:15.575 [info] > git status -z -uall [6ms]
2025-09-15 08:24:15.576 [info] > git for-each-ref --sort -committerdate --format %(refname)%00%(objectname)%00%(*objectname) [1ms]
2025-09-15 08:24:20.032 [info] > git check-ignore -v -z --stdin [2ms]
2025-09-15 08:24:51.627 [info] > git config --get commit.template [2ms]
2025-09-15 08:24:51.639 [info] > git for-each-ref --format=%(refname)%00%(upstream:short)%00%(objectname)%00%(upstream:track)%00%(upstream:remotename)%00%(upstream:remoteref) refs/heads/main refs/remotes/main [1ms]
2025-09-15 08:24:51.659 [info] > git status -z -uall [11ms]
2025-09-15 08:24:51.660 [info] > git for-each-ref --sort -committerdate --format %(refname)%00%(objectname)%00%(*objectname) [1ms]
2025-09-15 08:25:21.318 [info] > git config --get commit.template [10ms]
2025-09-15 08:25:21.319 [info] > git for-each-ref --format=%(refname)%00%(upstream:short)%00%(objectname)%00%(upstream:track)%00%(upstream:remotename)%00%(upstream:remoteref) refs/heads/main refs/remotes/main [1ms]
2025-09-15 08:25:21.336 [info] > git for-each-ref --sort -committerdate --format %(refname)%00%(objectname)%00%(*objectname) [1ms]
2025-09-15 08:25:21.344 [info] > git status -z -uall [15ms]
2025-09-15 08:25:36.247 [info] > git config --get commit.template [2ms]
2025-09-15 08:25:36.255 [info] > git for-each-ref --format=%(refname)%00%(upstream:short)%00%(objectname)%00%(upstream:track)%00%(upstream:remotename)%00%(upstream:remoteref) refs/heads/main refs/remotes/main [1ms]
2025-09-15 08:25:36.269 [info] > git for-each-ref --sort -committerdate --format %(refname)%00%(objectname)%00%(*objectname) [1ms]
2025-09-15 08:25:36.275 [info] > git status -z -uall [14ms]
2025-09-15 08:25:43.864 [info] > git show --textconv :.gitignore [8ms]
2025-09-15 08:25:43.866 [info] > git ls-files --stage -- .gitignore [2ms]
2025-09-15 08:25:43.876 [info] > git cat-file -s d5edf29a3b42b46317e0bc5df1c40f7024be5d77 [2ms]
2025-09-15 08:25:54.559 [info] > git show --textconv :Makefile [7ms]
2025-09-15 08:25:54.559 [info] > git ls-files --stage -- Makefile [1ms]
2025-09-15 08:25:54.567 [info] > git cat-file -s 592896b884cb3ba81dc0a9bbb9dff1818893c65b [1ms]
2025-09-15 08:25:54.578 [info] > git blame --root --incremental 921cff459bb549ede1bde058ab8cceb348d5bbd6 -- Makefile [2ms]
2025-09-15 08:25:56.475 [info] > git show --textconv :dirs.conf [14ms]
2025-09-15 08:25:56.476 [info] > git ls-files --stage -- dirs.conf [2ms]
2025-09-15 08:25:56.487 [info] > git cat-file -s 18344680bb934f702b7a2076b50c0e2083fab945 [1ms]
2025-09-15 08:25:58.233 [info] > git blame --root --incremental 921cff459bb549ede1bde058ab8cceb348d5bbd6 -- dirs.conf [2ms]
2025-09-15 08:26:05.315 [info] > git show --textconv :backup.sh [8ms]
2025-09-15 08:26:05.315 [info] > git ls-files --stage -- backup.sh [1ms]
2025-09-15 08:26:05.323 [info] > git cat-file -s d4f444edde80f85fd871f33e994c7f0eedfc4256 [1ms]
2025-09-15 08:26:06.320 [info] > git show --textconv :.gitignore [12ms]
2025-09-15 08:26:06.321 [info] > git ls-files --stage -- .gitignore [2ms]
2025-09-15 08:26:06.329 [info] > git cat-file -s d5edf29a3b42b46317e0bc5df1c40f7024be5d77 [1ms]
2025-09-15 08:26:29.611 [info] > git check-ignore -v -z --stdin [1ms]
2025-09-15 08:26:30.075 [info] > git config --get commit.template [12ms]
2025-09-15 08:26:30.076 [info] > git for-each-ref --format=%(refname)%00%(upstream:short)%00%(objectname)%00%(upstream:track)%00%(upstream:remotename)%00%(upstream:remoteref) refs/heads/main refs/remotes/main [2ms]
2025-09-15 08:26:30.092 [info] > git for-each-ref --sort -committerdate --format %(refname)%00%(objectname)%00%(*objectname) [1ms]
2025-09-15 08:26:30.099 [info] > git status -z -uall [15ms]
2025-09-15 08:26:33.135 [info] > git check-ignore -v -z --stdin [1ms]
2025-09-15 08:26:36.490 [info] > git check-ignore -v -z --stdin [3ms]
2025-09-15 08:26:49.257 [info] > git show --textconv :dirs.conf [12ms]
2025-09-15 08:26:49.258 [info] > git ls-files --stage -- dirs.conf [1ms]
2025-09-15 08:26:49.266 [info] > git cat-file -s 18344680bb934f702b7a2076b50c0e2083fab945 [1ms]
2025-09-15 08:26:56.245 [info] > git show --textconv :.gitignore [7ms]
2025-09-15 08:26:56.246 [info] > git ls-files --stage -- .gitignore [1ms]
2025-09-15 08:26:56.254 [info] > git cat-file -s d5edf29a3b42b46317e0bc5df1c40f7024be5d77 [1ms]
2025-09-15 08:26:58.759 [info] > git check-ignore -v -z --stdin [2ms]
2025-09-15 08:26:59.229 [info] > git config --get commit.template [14ms]
2025-09-15 08:26:59.230 [info] > git for-each-ref --format=%(refname)%00%(upstream:short)%00%(objectname)%00%(upstream:track)%00%(upstream:remotename)%00%(upstream:remoteref) refs/heads/main refs/remotes/main [2ms]
2025-09-15 08:26:59.250 [info] > git for-each-ref --sort -committerdate --format %(refname)%00%(objectname)%00%(*objectname) [1ms]
2025-09-15 08:26:59.257 [info] > git status -z -uall [16ms]
2025-09-15 08:28:49.505 [info] > git for-each-ref --format=%(refname)%00%(upstream:short)%00%(objectname)%00%(upstream:track)%00%(upstream:remotename)%00%(upstream:remoteref) refs/heads/main refs/remotes/main [2ms]
2025-09-15 08:28:49.505 [info] > git config --get commit.template [8ms]
2025-09-15 08:28:49.518 [info] > git status -z -uall [7ms]
2025-09-15 08:28:49.518 [info] > git for-each-ref --sort -committerdate --format %(refname)%00%(objectname)%00%(*objectname) [1ms]
2025-09-15 08:28:51.547 [info] > git show --textconv :backup.sh [11ms]
2025-09-15 08:28:51.548 [info] > git ls-files --stage -- backup.sh [1ms]
2025-09-15 08:28:51.555 [info] > git cat-file -s d4f444edde80f85fd871f33e994c7f0eedfc4256 [1ms]
2025-09-15 08:29:02.686 [info] > git config --get commit.template [1ms]
2025-09-15 08:29:02.700 [info] > git for-each-ref --format=%(refname)%00%(upstream:short)%00%(objectname)%00%(upstream:track)%00%(upstream:remotename)%00%(upstream:remoteref) refs/heads/main refs/remotes/main [5ms]
2025-09-15 08:29:02.742 [info] > git status -z -uall [16ms]
2025-09-15 08:29:02.742 [info] > git for-each-ref --sort -committerdate --format %(refname)%00%(objectname)%00%(*objectname) [1ms]
2025-09-15 08:29:04.798 [info] > git show --textconv :.gitignore [13ms]
2025-09-15 08:29:04.799 [info] > git ls-files --stage -- .gitignore [3ms]
2025-09-15 08:29:04.806 [info] > git cat-file -s d5edf29a3b42b46317e0bc5df1c40f7024be5d77 [1ms]
2025-09-15 08:29:15.921 [info] > git check-ignore -v -z --stdin [1ms]
2025-09-15 08:29:16.378 [info] > git config --get commit.template [1ms]
2025-09-15 08:29:16.389 [info] > git for-each-ref --format=%(refname)%00%(upstream:short)%00%(objectname)%00%(upstream:track)%00%(upstream:remotename)%00%(upstream:remoteref) refs/heads/main refs/remotes/main [2ms]
2025-09-15 08:29:16.409 [info] > git status -z -uall [9ms]
2025-09-15 08:29:16.409 [info] > git for-each-ref --sort -committerdate --format %(refname)%00%(objectname)%00%(*objectname) [1ms]
2025-09-15 08:29:29.939 [info] > git check-ignore -v -z --stdin [2ms]
2025-09-15 08:29:33.823 [info] > git config --get commit.template [8ms]
2025-09-15 08:29:33.823 [info] > git for-each-ref --format=%(refname)%00%(upstream:short)%00%(objectname)%00%(upstream:track)%00%(upstream:remotename)%00%(upstream:remoteref) refs/heads/main refs/remotes/main [1ms]
2025-09-15 08:29:33.839 [info] > git status -z -uall [8ms]
2025-09-15 08:29:33.840 [info] > git for-each-ref --sort -committerdate --format %(refname)%00%(objectname)%00%(*objectname) [2ms]
2025-09-15 08:31:16.259 [info] > git show --textconv :backup.sh [16ms]
2025-09-15 08:31:16.260 [info] > git ls-files --stage -- backup.sh [2ms]
2025-09-15 08:31:16.276 [info] > git cat-file -s d4f444edde80f85fd871f33e994c7f0eedfc4256 [2ms]
2025-09-15 08:31:19.029 [info] > git config --get commit.template [12ms]
2025-09-15 08:31:19.030 [info] > git for-each-ref --format=%(refname)%00%(upstream:short)%00%(objectname)%00%(upstream:track)%00%(upstream:remotename)%00%(upstream:remoteref) refs/heads/main refs/remotes/main [2ms]
2025-09-15 08:31:19.046 [info] > git status -z -uall [8ms]
2025-09-15 08:31:19.047 [info] > git for-each-ref --sort -committerdate --format %(refname)%00%(objectname)%00%(*objectname) [1ms]
2025-09-15 08:31:25.448 [info] > git check-ignore -v -z --stdin [1ms]
2025-09-15 08:31:44.575 [info] > git config --get commit.template [12ms]
2025-09-15 08:31:44.580 [info] > git ls-files --stage -- backup.sh [6ms]
2025-09-15 08:31:44.586 [info] > git for-each-ref --format=%(refname)%00%(upstream:short)%00%(objectname)%00%(upstream:track)%00%(upstream:remotename)%00%(upstream:remoteref) refs/heads/main refs/remotes/main [6ms]
2025-09-15 08:31:44.600 [info] > git cat-file -s 23a2af0733a712e0cf15299fc9347fabed9a23d0 [13ms]
2025-09-15 08:31:44.600 [info] > git status -z -uall [8ms]
2025-09-15 08:31:44.601 [info] > git for-each-ref --sort -committerdate --format %(refname)%00%(objectname)%00%(*objectname) [2ms]
2025-09-15 08:31:44.622 [info] > git show --textconv :backup.sh [7ms]
2025-09-15 08:31:44.933 [info] > git show --textconv HEAD:backup.sh [13ms]
2025-09-15 08:31:44.935 [info] > git ls-tree -l HEAD -- backup.sh [2ms]
2025-09-15 08:32:54.369 [info] > git config --get commit.template [10ms]
2025-09-15 08:32:54.369 [info] > git for-each-ref --format=%(refname)%00%(upstream:short)%00%(objectname)%00%(upstream:track)%00%(upstream:remotename)%00%(upstream:remoteref) refs/heads/main refs/remotes/main [1ms]
2025-09-15 08:32:54.385 [info] > git status -z -uall [7ms]
2025-09-15 08:32:54.386 [info] > git for-each-ref --sort -committerdate --format %(refname)%00%(objectname)%00%(*objectname) [1ms]
2025-09-15 08:34:50.812 [info] > git ls-files --stage -- backup.sh [7ms]
2025-09-15 08:34:50.818 [info] > git config --get commit.template [23ms]
2025-09-15 08:34:50.826 [info] > git ls-tree -l HEAD -- backup.sh [15ms]
2025-09-15 08:34:50.827 [info] > git cat-file -s 324957d44f7f15522ceddbbc50b675c275bb3762 [9ms]
2025-09-15 08:34:50.828 [info] > git for-each-ref --format=%(refname)%00%(upstream:short)%00%(objectname)%00%(upstream:track)%00%(upstream:remotename)%00%(upstream:remoteref) refs/heads/main refs/remotes/main [2ms]
2025-09-15 08:34:50.844 [info] > git show --textconv HEAD:backup.sh [8ms]
2025-09-15 08:34:50.861 [info] > git show --textconv :backup.sh [18ms]
2025-09-15 08:34:50.862 [info] > git status -z -uall [9ms]
2025-09-15 08:34:50.862 [info] > git for-each-ref --sort -committerdate --format %(refname)%00%(objectname)%00%(*objectname) [2ms]
2025-09-15 08:34:50.889 [info] > git blame --root --incremental fd3570f7d6ea2e9397b0408c6cb6fd3e752f75cc -- backup.sh [14ms]
2025-09-15 08:34:50.893 [info] > git merge-base refs/heads/main refs/remotes/origin/main [6ms]
2025-09-15 08:34:50.903 [info] > git diff --name-status -z --diff-filter=ADMR fd3570f7d6ea2e9397b0408c6cb6fd3e752f75cc...refs/remotes/origin/main [2ms]
2025-09-15 08:34:53.188 [info] > git show --textconv :.gitignore [7ms]
2025-09-15 08:34:53.188 [info] > git ls-files --stage -- .gitignore [1ms]
2025-09-15 08:34:53.196 [info] > git cat-file -s 613c63c5dc4a0986c13ee6bec0bf392c9c626cee [1ms]
2025-09-15 08:34:53.209 [info] > git blame --root --incremental fd3570f7d6ea2e9397b0408c6cb6fd3e752f75cc -- .gitignore [3ms]
2025-09-15 08:34:55.897 [info] > git config --get commit.template [2ms]
2025-09-15 08:34:55.904 [info] > git for-each-ref --format=%(refname)%00%(upstream:short)%00%(objectname)%00%(upstream:track)%00%(upstream:remotename)%00%(upstream:remoteref) refs/heads/main refs/remotes/main [1ms]
2025-09-15 08:34:55.916 [info] > git status -z -uall [7ms]
2025-09-15 08:34:55.917 [info] > git for-each-ref --sort -committerdate --format %(refname)%00%(objectname)%00%(*objectname) [1ms]
2025-09-15 08:35:08.288 [info] > git show --textconv :backup.sh [6ms]
2025-09-15 08:35:08.289 [info] > git ls-files --stage -- backup.sh [1ms]
2025-09-15 08:35:08.297 [info] > git cat-file -s 324957d44f7f15522ceddbbc50b675c275bb3762 [1ms]
2025-09-15 08:35:10.788 [info] > git show --textconv :.gitignore [13ms]
2025-09-15 08:35:10.789 [info] > git ls-files --stage -- .gitignore [2ms]
2025-09-15 08:35:10.799 [info] > git cat-file -s 613c63c5dc4a0986c13ee6bec0bf392c9c626cee [1ms]
2025-09-15 08:35:22.826 [info] > git show --textconv :backup.sh [11ms]
2025-09-15 08:35:22.827 [info] > git ls-files --stage -- backup.sh [2ms]
2025-09-15 08:35:22.834 [info] > git cat-file -s 324957d44f7f15522ceddbbc50b675c275bb3762 [1ms]
2025-09-15 08:35:25.604 [info] > git config --get commit.template [3ms]
2025-09-15 08:35:25.616 [info] > git for-each-ref --format=%(refname)%00%(upstream:short)%00%(objectname)%00%(upstream:track)%00%(upstream:remotename)%00%(upstream:remoteref) refs/heads/main refs/remotes/main [2ms]
2025-09-15 08:35:25.635 [info] > git status -z -uall [11ms]
2025-09-15 08:35:25.636 [info] > git for-each-ref --sort -committerdate --format %(refname)%00%(objectname)%00%(*objectname) [1ms]
2025-09-15 08:35:26.037 [info] > git show --textconv :.gitignore [8ms]
2025-09-15 08:35:26.037 [info] > git ls-files --stage -- .gitignore [1ms]
2025-09-15 08:35:26.044 [info] > git cat-file -s 613c63c5dc4a0986c13ee6bec0bf392c9c626cee [1ms]
2025-09-15 08:35:50.821 [info] > git check-ignore -v -z --stdin [2ms]
2025-09-15 08:36:18.134 [info] > git config --get commit.template [8ms]
2025-09-15 08:36:18.141 [info] > git ls-files --stage -- .gitignore [7ms]
2025-09-15 08:36:18.146 [info] > git for-each-ref --format=%(refname)%00%(upstream:short)%00%(objectname)%00%(upstream:track)%00%(upstream:remotename)%00%(upstream:remoteref) refs/heads/main refs/remotes/main [6ms]
2025-09-15 08:36:18.161 [info] > git status -z -uall [8ms]
2025-09-15 08:36:18.161 [info] > git cat-file -s 5b97ab26fc9cdfbeaf4be1f0537c9256bcf4f286 [15ms]
2025-09-15 08:36:18.162 [info] > git for-each-ref --sort -committerdate --format %(refname)%00%(objectname)%00%(*objectname) [2ms]
2025-09-15 08:36:18.185 [info] > git blame --root --incremental 6f4edbf183fdd278f85e54f2a202a26cf1fb982d -- .gitignore [11ms]
2025-09-15 08:36:18.195 [info] > git show --textconv :.gitignore [2ms]
2025-09-15 08:36:18.195 [info] > git merge-base refs/heads/main refs/remotes/origin/main [11ms]
2025-09-15 08:36:18.205 [info] > git diff --name-status -z --diff-filter=ADMR 6f4edbf183fdd278f85e54f2a202a26cf1fb982d...refs/remotes/origin/main [2ms]
2025-09-15 08:36:19.734 [info] > git show --textconv :dirs.conf [10ms]
2025-09-15 08:36:19.735 [info] > git ls-files --stage -- dirs.conf [1ms]
2025-09-15 08:36:19.744 [info] > git cat-file -s 18344680bb934f702b7a2076b50c0e2083fab945 [1ms]
2025-09-15 08:36:19.754 [info] > git blame --root --incremental 6f4edbf183fdd278f85e54f2a202a26cf1fb982d -- dirs.conf [2ms]
2025-09-15 08:37:07.082 [info] > git config --get commit.template [10ms]
2025-09-15 08:37:07.088 [info] > git ls-files --stage -- dirs.conf [7ms]
2025-09-15 08:37:07.095 [info] > git for-each-ref --format=%(refname)%00%(upstream:short)%00%(objectname)%00%(upstream:track)%00%(upstream:remotename)%00%(upstream:remoteref) refs/heads/main refs/remotes/main [7ms]
2025-09-15 08:37:07.111 [info] > git status -z -uall [8ms]
2025-09-15 08:37:07.111 [info] > git cat-file -s 18344680bb934f702b7a2076b50c0e2083fab945 [17ms]
2025-09-15 08:37:07.120 [info] > git for-each-ref --sort -committerdate --format %(refname)%00%(objectname)%00%(*objectname) [10ms]
2025-09-15 08:37:07.122 [info] > git show --textconv :dirs.conf [2ms]
2025-09-15 08:37:09.918 [info] > git show --textconv :.gitignore [11ms]
2025-09-15 08:37:09.918 [info] > git ls-files --stage -- .gitignore [1ms]
2025-09-15 08:37:09.926 [info] > git cat-file -s 5b97ab26fc9cdfbeaf4be1f0537c9256bcf4f286 [1ms]
2025-09-15 08:37:12.143 [info] > git config --get commit.template [9ms]
2025-09-15 08:37:12.145 [info] > git for-each-ref --format=%(refname)%00%(upstream:short)%00%(objectname)%00%(upstream:track)%00%(upstream:remotename)%00%(upstream:remoteref) refs/heads/main refs/remotes/main [3ms]
2025-09-15 08:37:12.160 [info] > git status -z -uall [9ms]
2025-09-15 08:37:12.161 [info] > git for-each-ref --sort -committerdate --format %(refname)%00%(objectname)%00%(*objectname) [2ms]
2025-09-15 08:37:18.605 [info] > git check-ignore -v -z --stdin [2ms]
2025-09-15 08:37:19.060 [info] > git config --get commit.template [12ms]
2025-09-15 08:37:19.061 [info] > git for-each-ref --format=%(refname)%00%(upstream:short)%00%(objectname)%00%(upstream:track)%00%(upstream:remotename)%00%(upstream:remoteref) refs/heads/main refs/remotes/main [2ms]
2025-09-15 08:37:19.081 [info] > git status -z -uall [10ms]
2025-09-15 08:37:19.083 [info] > git for-each-ref --sort -committerdate --format %(refname)%00%(objectname)%00%(*objectname) [2ms]
2025-09-15 08:37:32.552 [info] > git config --get commit.template [1ms]
2025-09-15 08:37:32.569 [info] > git ls-files --stage -- .gitignore [7ms]
2025-09-15 08:37:32.575 [info] > git for-each-ref --format=%(refname)%00%(upstream:short)%00%(objectname)%00%(upstream:track)%00%(upstream:remotename)%00%(upstream:remoteref) refs/heads/main refs/remotes/main [6ms]
2025-09-15 08:37:32.591 [info] > git status -z -uall [9ms]
2025-09-15 08:37:32.591 [info] > git cat-file -s b36dfae636ec486f6056983ec836e939b4427401 [17ms]
2025-09-15 08:37:32.599 [info] > git for-each-ref --sort -committerdate --format %(refname)%00%(objectname)%00%(*objectname) [8ms]
2025-09-15 08:37:32.602 [info] > git show --textconv :.gitignore [3ms]
2025-09-15 08:37:32.943 [info] > git show --textconv HEAD:.gitignore [15ms]
2025-09-15 08:37:32.946 [info] > git ls-tree -l HEAD -- .gitignore [3ms]
2025-09-15 08:38:21.102 [info] > git show --textconv :backup.sh [9ms]
2025-09-15 08:38:21.103 [info] > git ls-files --stage -- backup.sh [1ms]
2025-09-15 08:38:21.109 [info] > git cat-file -s 1d963c7bfa5a5fb32858f62b2f98b152994fcf65 [1ms]
2025-09-15 08:38:21.122 [info] > git blame --root --incremental 6f4edbf183fdd278f85e54f2a202a26cf1fb982d -- backup.sh [2ms]
2025-09-15 08:38:26.289 [info] > git config --get commit.template [8ms]
2025-09-15 08:38:26.290 [info] > git for-each-ref --format=%(refname)%00%(upstream:short)%00%(objectname)%00%(upstream:track)%00%(upstream:remotename)%00%(upstream:remoteref) refs/heads/main refs/remotes/main [2ms]
2025-09-15 08:38:26.304 [info] > git status -z -uall [6ms]
2025-09-15 08:38:26.304 [info] > git for-each-ref --sort -committerdate --format %(refname)%00%(objectname)%00%(*objectname) [1ms]
2025-09-15 08:42:58.273 [info] > git config --get commit.template [9ms]
2025-09-15 08:42:58.273 [info] > git ls-files --stage -- backup.sh [1ms]
2025-09-15 08:42:58.286 [info] > git cat-file -s 389330d609f7e657389220a0d9e51c11f1636cab [7ms]
2025-09-15 08:42:58.287 [info] > git for-each-ref --format=%(refname)%00%(upstream:short)%00%(objectname)%00%(upstream:track)%00%(upstream:remotename)%00%(upstream:remoteref) refs/heads/main refs/remotes/main [1ms]
2025-09-15 08:42:58.311 [info] > git show --textconv :backup.sh [18ms]
2025-09-15 08:42:58.311 [info] > git status -z -uall [10ms]
2025-09-15 08:42:58.312 [info] > git for-each-ref --sort -committerdate --format %(refname)%00%(objectname)%00%(*objectname) [2ms]
2025-09-15 08:42:58.338 [info] > git merge-base refs/heads/main refs/remotes/origin/main [6ms]
2025-09-15 08:42:58.349 [info] > git blame --root --incremental 6d62c5226c6dc77dff57440b0c8d24c5b0143714 -- backup.sh [27ms]
2025-09-15 08:42:58.350 [info] > git diff --name-status -z --diff-filter=ADMR 6d62c5226c6dc77dff57440b0c8d24c5b0143714...refs/remotes/origin/main [2ms]
2025-09-15 08:43:36.661 [info] > git config --get commit.template [7ms]
2025-09-15 08:43:36.662 [info] > git for-each-ref --format=%(refname)%00%(upstream:short)%00%(objectname)%00%(upstream:track)%00%(upstream:remotename)%00%(upstream:remoteref) refs/heads/main refs/remotes/main [1ms]
2025-09-15 08:43:36.676 [info] > git for-each-ref --sort -committerdate --format %(refname)%00%(objectname)%00%(*objectname) [1ms]
2025-09-15 08:43:36.812 [info] > git status -z -uall [144ms] (cancelled)
2025-09-15 08:43:38.315 [info] > git show --textconv :.gitignore [13ms]
2025-09-15 08:43:38.316 [info] > git ls-files --stage -- .gitignore [2ms]
2025-09-15 08:43:38.324 [info] > git cat-file -s b36dfae636ec486f6056983ec836e939b4427401 [1ms]
2025-09-15 08:43:38.337 [info] > git blame --root --incremental 6d62c5226c6dc77dff57440b0c8d24c5b0143714 -- .gitignore [2ms]
2025-09-15 08:43:41.838 [info] > git config --get commit.template [14ms]
2025-09-15 08:43:41.839 [info] > git for-each-ref --format=%(refname)%00%(upstream:short)%00%(objectname)%00%(upstream:track)%00%(upstream:remotename)%00%(upstream:remoteref) refs/heads/main refs/remotes/main [2ms]
2025-09-15 08:43:41.857 [info] > git for-each-ref --sort -committerdate --format %(refname)%00%(objectname)%00%(*objectname) [1ms]
2025-09-15 08:43:41.950 [info] > git status -z -uall [102ms] (cancelled)
2025-09-15 08:43:49.171 [info] > git check-ignore -v -z --stdin [2ms]
2025-09-15 08:44:12.707 [info] > git ls-files --stage -- .gitignore [1ms]
2025-09-15 08:44:12.715 [info] > git cat-file -s 0fd26dd3c954d7d1e01bcbe05fcd92d6c8618ff9 [1ms]
2025-09-15 08:44:12.725 [info] > git show --textconv :.gitignore [2ms]
2025-09-15 08:44:30.513 [info] > git check-ignore -v -z --stdin [9ms]
2025-09-15 08:45:22.078 [info] > git ls-files --stage -- .gitignore [3ms]
2025-09-15 08:45:22.087 [info] > git cat-file -s 40d45bfca3f61fed13c218775c90a6795eba6f9f [1ms]
2025-09-15 08:45:22.096 [info] > git show --textconv :.gitignore [1ms]
2025-09-15 08:45:41.115 [info] > git check-ignore -v -z --stdin [13ms]
2025-09-15 08:45:42.806 [info] > git check-ignore -v -z --stdin [11ms]
2025-09-15 08:45:47.245 [info] > git check-ignore -v -z --stdin [13ms]
