2025-09-15 07:59:40.811 [info] Reading sessions from keychain...
2025-09-15 07:59:40.811 [info] Getting sessions for all scopes...
2025-09-15 07:59:40.811 [info] Got stored sessions!
2025-09-15 07:59:40.811 [info] Got 1 verified sessions.
2025-09-15 07:59:40.811 [info] Got 1 sessions for ...
2025-09-15 07:59:40.811 [info] Getting sessions for all scopes...
2025-09-15 07:59:40.811 [info] Got 1 sessions for ...
2025-09-15 07:59:40.817 [info] Getting sessions for all scopes...
2025-09-15 07:59:40.818 [info] Got 1 sessions for ...
2025-09-15 07:59:40.818 [info] Getting sessions for all scopes...
2025-09-15 07:59:40.818 [info] Got 1 sessions for ...
2025-09-15 07:59:40.818 [info] Getting sessions for all scopes...
2025-09-15 07:59:40.818 [info] Got 1 sessions for ...
2025-09-15 07:59:40.818 [info] Getting sessions for all scopes...
2025-09-15 07:59:40.818 [info] Got 1 sessions for ...
2025-09-15 07:59:40.818 [info] Getting sessions for all scopes...
2025-09-15 07:59:40.818 [info] Got 1 sessions for ...
2025-09-15 07:59:40.821 [info] Getting sessions for all scopes...
2025-09-15 07:59:40.821 [info] Got 1 sessions for ...
2025-09-15 07:59:40.821 [info] Getting sessions for all scopes...
2025-09-15 07:59:40.821 [info] Got 1 sessions for ...
2025-09-15 07:59:40.821 [info] Getting sessions for all scopes...
2025-09-15 07:59:40.821 [info] Got 1 sessions for ...
2025-09-15 07:59:40.821 [info] Getting sessions for all scopes...
2025-09-15 07:59:40.821 [info] Got 1 sessions for ...
2025-09-15 07:59:40.821 [info] Getting sessions for all scopes...
2025-09-15 07:59:40.821 [info] Got 1 sessions for ...
2025-09-15 07:59:40.821 [info] Getting sessions for all scopes...
2025-09-15 07:59:40.821 [info] Got 1 sessions for ...
2025-09-15 07:59:40.822 [info] Getting sessions for all scopes...
2025-09-15 07:59:40.822 [info] Got 1 sessions for ...
2025-09-15 07:59:42.899 [info] Getting sessions for all scopes...
2025-09-15 07:59:42.899 [info] Got 1 sessions for ...
2025-09-15 07:59:42.934 [info] Getting sessions for all scopes...
2025-09-15 07:59:42.934 [info] Got 1 sessions for ...
2025-09-15 07:59:42.934 [info] Getting sessions for all scopes...
2025-09-15 07:59:42.934 [info] Got 1 sessions for ...
2025-09-15 07:59:42.934 [info] Getting sessions for all scopes...
2025-09-15 07:59:42.934 [info] Got 1 sessions for ...
2025-09-15 07:59:42.940 [info] Getting sessions for all scopes...
2025-09-15 07:59:42.940 [info] Got 1 sessions for ...
2025-09-15 07:59:42.940 [info] Getting sessions for all scopes...
2025-09-15 07:59:42.940 [info] Got 1 sessions for ...
2025-09-15 07:59:43.196 [info] Getting sessions for read:user,repo,user:email,workflow...
2025-09-15 07:59:43.196 [info] Got 0 sessions for read:user,repo,user:email,workflow...
2025-09-15 07:59:43.681 [info] Getting sessions for user:email...
2025-09-15 07:59:43.682 [info] Got 1 sessions for user:email...
2025-09-15 07:59:43.712 [info] Getting sessions for read:user,repo,user:email,workflow...
2025-09-15 07:59:43.712 [info] Got 0 sessions for read:user,repo,user:email,workflow...
2025-09-15 07:59:43.713 [info] Getting sessions for all scopes...
2025-09-15 07:59:43.713 [info] Got 1 sessions for ...
2025-09-15 07:59:43.713 [info] Getting sessions for read:user,repo,user:email,workflow...
2025-09-15 07:59:43.713 [info] Got 0 sessions for read:user,repo,user:email,workflow...
2025-09-15 07:59:43.714 [info] Getting sessions for all scopes...
2025-09-15 07:59:43.714 [info] Got 1 sessions for ...
2025-09-15 07:59:43.717 [info] Getting sessions for read:user...
2025-09-15 07:59:43.717 [info] Got 0 sessions for read:user...
2025-09-15 07:59:43.719 [info] Getting sessions for user:email...
2025-09-15 07:59:43.719 [info] Got 1 sessions for user:email...
2025-09-15 07:59:43.723 [info] Getting sessions for all scopes...
2025-09-15 07:59:43.723 [info] Got 1 sessions for ...
2025-09-15 07:59:43.796 [info] Getting sessions for all scopes...
2025-09-15 07:59:43.796 [info] Got 1 sessions for ...
2025-09-15 07:59:43.797 [info] Getting sessions for read:user,repo,user:email,workflow...
2025-09-15 07:59:43.797 [info] Got 0 sessions for read:user,repo,user:email,workflow...
2025-09-15 07:59:43.797 [info] Getting sessions for user:email...
2025-09-15 07:59:43.797 [info] Got 1 sessions for user:email...
2025-09-15 07:59:43.798 [info] Getting sessions for all scopes...
2025-09-15 07:59:43.798 [info] Got 1 sessions for ...
2025-09-15 07:59:43.798 [info] Getting sessions for read:user,repo,user:email,workflow...
2025-09-15 07:59:43.799 [info] Got 0 sessions for read:user,repo,user:email,workflow...
2025-09-15 07:59:43.799 [info] Getting sessions for user:email...
2025-09-15 07:59:43.799 [info] Got 1 sessions for user:email...
2025-09-15 07:59:43.845 [info] fetching: Electron fetch failed with status: 429 
2025-09-15 07:59:43.916 [info] Getting sessions for all scopes...
2025-09-15 07:59:43.916 [info] Got 1 sessions for ...
2025-09-15 07:59:43.925 [info] Getting sessions for read:user,repo,user:email,workflow...
2025-09-15 07:59:43.925 [info] Got 0 sessions for read:user,repo,user:email,workflow...
2025-09-15 07:59:43.925 [info] Getting sessions for user:email...
2025-09-15 07:59:43.925 [info] Got 1 sessions for user:email...
2025-09-15 07:59:44.257 [info] Getting sessions for all scopes...
2025-09-15 07:59:44.257 [info] Got 1 sessions for ...
2025-09-15 07:59:44.259 [info] Getting sessions for read:user,repo,user:email,workflow...
2025-09-15 07:59:44.259 [info] Got 0 sessions for read:user,repo,user:email,workflow...
2025-09-15 07:59:44.260 [info] Getting sessions for user:email...
2025-09-15 07:59:44.260 [info] Got 1 sessions for user:email...
2025-09-15 07:59:44.313 [info] Getting sessions for all scopes...
2025-09-15 07:59:44.313 [info] Got 1 sessions for ...
2025-09-15 07:59:44.315 [info] Getting sessions for all scopes...
2025-09-15 07:59:44.315 [info] Got 1 sessions for ...
2025-09-15 07:59:44.316 [info] Getting sessions for read:user,repo,user:email,workflow...
2025-09-15 07:59:44.316 [info] Got 0 sessions for read:user,repo,user:email,workflow...
2025-09-15 07:59:44.324 [info] Getting sessions for user:email...
2025-09-15 07:59:44.324 [info] Got 1 sessions for user:email...
2025-09-15 07:59:44.325 [info] Getting sessions for read:user,repo,user:email,workflow...
2025-09-15 07:59:44.325 [info] Got 0 sessions for read:user,repo,user:email,workflow...
2025-09-15 07:59:44.325 [info] Getting sessions for all scopes...
2025-09-15 07:59:44.326 [info] Got 1 sessions for ...
2025-09-15 07:59:44.326 [info] Getting sessions for read:user,repo,user:email,workflow...
2025-09-15 07:59:44.326 [info] Got 0 sessions for read:user,repo,user:email,workflow...
2025-09-15 07:59:44.326 [info] Getting sessions for user:email...
2025-09-15 07:59:44.326 [info] Got 1 sessions for user:email...
2025-09-15 07:59:44.366 [info] Getting sessions for all scopes...
2025-09-15 07:59:44.366 [info] Got 1 sessions for ...
2025-09-15 07:59:44.368 [info] Getting sessions for all scopes...
2025-09-15 07:59:44.368 [info] Got 1 sessions for ...
2025-09-15 07:59:44.369 [info] Getting sessions for read:user,repo,user:email,workflow...
2025-09-15 07:59:44.369 [info] Got 0 sessions for read:user,repo,user:email,workflow...
2025-09-15 07:59:44.370 [info] Getting sessions for user:email...
2025-09-15 07:59:44.370 [info] Got 1 sessions for user:email...
2025-09-15 07:59:44.370 [info] Getting sessions for read:user,repo,user:email,workflow...
2025-09-15 07:59:44.370 [info] Got 0 sessions for read:user,repo,user:email,workflow...
2025-09-15 07:59:44.373 [info] Getting sessions for all scopes...
2025-09-15 07:59:44.373 [info] Got 1 sessions for ...
2025-09-15 07:59:44.373 [info] Getting sessions for all scopes...
2025-09-15 07:59:44.373 [info] Got 1 sessions for ...
2025-09-15 07:59:44.374 [info] Getting sessions for all scopes...
2025-09-15 07:59:44.374 [info] Got 1 sessions for ...
2025-09-15 07:59:44.378 [info] Getting sessions for read:user,repo,user:email,workflow...
2025-09-15 07:59:44.378 [info] Got 0 sessions for read:user,repo,user:email,workflow...
2025-09-15 07:59:44.381 [info] Getting sessions for user:email...
2025-09-15 07:59:44.381 [info] Got 1 sessions for user:email...
2025-09-15 07:59:44.794 [info] fetching: Node fetch failed with status: 429 Too Many Requests
2025-09-15 07:59:45.460 [info] Getting sessions for all scopes...
2025-09-15 07:59:45.460 [info] Got 1 sessions for ...
2025-09-15 07:59:45.461 [info] Getting sessions for read:user,repo,user:email,workflow...
2025-09-15 07:59:45.461 [info] Got 0 sessions for read:user,repo,user:email,workflow...
2025-09-15 07:59:45.461 [info] Getting sessions for user:email...
2025-09-15 07:59:45.461 [info] Got 1 sessions for user:email...
2025-09-15 07:59:45.661 [info] fetching: Node http/s failed with status: 429 Too Many Requests
2025-09-15 07:59:46.117 [info] Getting sessions for all scopes...
2025-09-15 07:59:46.117 [info] Got 1 sessions for ...
2025-09-15 07:59:50.870 [info] Reading sessions from keychain...
2025-09-15 07:59:50.870 [info] Getting sessions for all scopes...
2025-09-15 07:59:50.870 [info] Got stored sessions!
2025-09-15 07:59:50.870 [info] Got 1 verified sessions.
2025-09-15 07:59:50.870 [info] Got 1 sessions for ...
2025-09-15 07:59:50.870 [info] Getting sessions for all scopes...
2025-09-15 07:59:50.870 [info] Got 1 sessions for ...
2025-09-15 07:59:50.874 [info] Getting sessions for all scopes...
2025-09-15 07:59:50.875 [info] Got 1 sessions for ...
2025-09-15 07:59:50.875 [info] Getting sessions for all scopes...
2025-09-15 07:59:50.875 [info] Got 1 sessions for ...
2025-09-15 07:59:50.875 [info] Getting sessions for all scopes...
2025-09-15 07:59:50.875 [info] Got 1 sessions for ...
2025-09-15 07:59:50.875 [info] Getting sessions for all scopes...
2025-09-15 07:59:50.875 [info] Got 1 sessions for ...
2025-09-15 07:59:50.876 [info] Getting sessions for all scopes...
2025-09-15 07:59:50.876 [info] Got 1 sessions for ...
2025-09-15 07:59:50.882 [info] Getting sessions for all scopes...
2025-09-15 07:59:50.882 [info] Got 1 sessions for ...
2025-09-15 07:59:50.882 [info] Getting sessions for all scopes...
2025-09-15 07:59:50.883 [info] Got 1 sessions for ...
2025-09-15 07:59:50.883 [info] Getting sessions for all scopes...
2025-09-15 07:59:50.883 [info] Got 1 sessions for ...
2025-09-15 07:59:50.883 [info] Getting sessions for all scopes...
2025-09-15 07:59:50.883 [info] Got 1 sessions for ...
2025-09-15 07:59:50.883 [info] Getting sessions for all scopes...
2025-09-15 07:59:50.883 [info] Got 1 sessions for ...
2025-09-15 07:59:50.883 [info] Getting sessions for all scopes...
2025-09-15 07:59:50.883 [info] Got 1 sessions for ...
2025-09-15 07:59:50.901 [info] Getting sessions for all scopes...
2025-09-15 07:59:50.901 [info] Got 1 sessions for ...
2025-09-15 07:59:51.097 [info] Getting sessions for all scopes...
2025-09-15 07:59:51.097 [info] Got 1 sessions for ...
2025-09-15 07:59:52.341 [info] fetching: Electron fetch failed with status: 429 
2025-09-15 07:59:52.661 [info] Getting sessions for all scopes...
2025-09-15 07:59:52.661 [info] Got 1 sessions for ...
2025-09-15 07:59:52.661 [info] Getting sessions for all scopes...
2025-09-15 07:59:52.661 [info] Got 1 sessions for ...
2025-09-15 07:59:52.666 [info] Getting sessions for all scopes...
2025-09-15 07:59:52.666 [info] Got 1 sessions for ...
2025-09-15 07:59:53.725 [info] fetching: Node fetch failed with status: 429 Too Many Requests
2025-09-15 07:59:54.690 [info] fetching: Node http/s failed with status: 429 Too Many Requests
2025-09-15 07:59:57.444 [info] Getting sessions for all scopes...
2025-09-15 07:59:57.444 [info] Got 1 sessions for ...
2025-09-15 07:59:57.444 [info] Getting sessions for all scopes...
2025-09-15 07:59:57.444 [info] Got 1 sessions for ...
2025-09-15 07:59:57.516 [info] Getting sessions for read:user,repo,user:email,workflow...
2025-09-15 07:59:57.516 [info] Got 0 sessions for read:user,repo,user:email,workflow...
2025-09-15 07:59:57.644 [info] Getting sessions for user:email...
2025-09-15 07:59:57.644 [info] Got 1 sessions for user:email...
2025-09-15 07:59:57.644 [info] Getting sessions for read:user,repo,user:email,workflow...
2025-09-15 07:59:57.644 [info] Got 0 sessions for read:user,repo,user:email,workflow...
2025-09-15 07:59:57.874 [info] Getting sessions for all scopes...
2025-09-15 07:59:57.874 [info] Got 1 sessions for ...
2025-09-15 07:59:57.875 [info] Getting sessions for read:user,repo,user:email,workflow...
2025-09-15 07:59:57.875 [info] Got 0 sessions for read:user,repo,user:email,workflow...
2025-09-15 07:59:57.887 [info] Getting sessions for all scopes...
2025-09-15 07:59:57.887 [info] Got 1 sessions for ...
2025-09-15 07:59:57.896 [info] Getting sessions for read:user...
2025-09-15 07:59:57.896 [info] Got 0 sessions for read:user...
2025-09-15 07:59:57.913 [info] Getting sessions for user:email...
2025-09-15 07:59:57.913 [info] Got 1 sessions for user:email...
2025-09-15 07:59:57.921 [info] Getting sessions for all scopes...
2025-09-15 07:59:57.921 [info] Got 1 sessions for ...
2025-09-15 07:59:58.009 [info] Getting sessions for all scopes...
2025-09-15 07:59:58.009 [info] Got 1 sessions for ...
2025-09-15 07:59:58.010 [info] Getting sessions for read:user,repo,user:email,workflow...
2025-09-15 07:59:58.010 [info] Got 0 sessions for read:user,repo,user:email,workflow...
2025-09-15 07:59:58.088 [info] Getting sessions for read:user,repo,user:email,workflow...
2025-09-15 07:59:58.088 [info] Got 0 sessions for read:user,repo,user:email,workflow...
2025-09-15 07:59:58.119 [info] Getting sessions for user:email...
2025-09-15 07:59:58.119 [info] Got 1 sessions for user:email...
2025-09-15 07:59:58.140 [info] Getting sessions for all scopes...
2025-09-15 07:59:58.140 [info] Got 1 sessions for ...
2025-09-15 07:59:58.147 [info] Getting sessions for read:user,repo,user:email,workflow...
2025-09-15 07:59:58.147 [info] Got 0 sessions for read:user,repo,user:email,workflow...
2025-09-15 07:59:58.154 [info] Getting sessions for user:email...
2025-09-15 07:59:58.154 [info] Got 1 sessions for user:email...
2025-09-15 07:59:58.514 [info] Getting sessions for all scopes...
2025-09-15 07:59:58.515 [info] Got 1 sessions for ...
2025-09-15 07:59:58.515 [info] Getting sessions for all scopes...
2025-09-15 07:59:58.515 [info] Got 1 sessions for ...
2025-09-15 07:59:58.517 [info] Getting sessions for read:user,repo,user:email,workflow...
2025-09-15 07:59:58.517 [info] Got 0 sessions for read:user,repo,user:email,workflow...
2025-09-15 07:59:58.519 [info] Getting sessions for user:email...
2025-09-15 07:59:58.519 [info] Got 1 sessions for user:email...
2025-09-15 07:59:58.519 [info] Getting sessions for read:user,repo,user:email,workflow...
2025-09-15 07:59:58.519 [info] Got 0 sessions for read:user,repo,user:email,workflow...
2025-09-15 07:59:58.520 [info] Getting sessions for all scopes...
2025-09-15 07:59:58.520 [info] Got 1 sessions for ...
2025-09-15 07:59:58.520 [info] Getting sessions for read:user,repo,user:email,workflow...
2025-09-15 07:59:58.520 [info] Got 0 sessions for read:user,repo,user:email,workflow...
2025-09-15 07:59:58.520 [info] Getting sessions for user:email...
2025-09-15 07:59:58.520 [info] Got 1 sessions for user:email...
2025-09-15 07:59:58.620 [info] Getting sessions for all scopes...
2025-09-15 07:59:58.620 [info] Got 1 sessions for ...
2025-09-15 07:59:58.622 [info] Getting sessions for all scopes...
2025-09-15 07:59:58.622 [info] Got 1 sessions for ...
2025-09-15 07:59:58.623 [info] Getting sessions for read:user,repo,user:email,workflow...
2025-09-15 07:59:58.623 [info] Got 0 sessions for read:user,repo,user:email,workflow...
2025-09-15 07:59:58.631 [info] Getting sessions for user:email...
2025-09-15 07:59:58.631 [info] Got 1 sessions for user:email...
2025-09-15 07:59:58.631 [info] Getting sessions for read:user,repo,user:email,workflow...
2025-09-15 07:59:58.631 [info] Got 0 sessions for read:user,repo,user:email,workflow...
2025-09-15 07:59:58.632 [info] Getting sessions for all scopes...
2025-09-15 07:59:58.632 [info] Got 1 sessions for ...
2025-09-15 07:59:58.633 [info] Getting sessions for read:user,repo,user:email,workflow...
2025-09-15 07:59:58.633 [info] Got 0 sessions for read:user,repo,user:email,workflow...
2025-09-15 07:59:58.634 [info] Getting sessions for user:email...
2025-09-15 07:59:58.634 [info] Got 1 sessions for user:email...
2025-09-15 07:59:58.696 [info] Getting sessions for all scopes...
2025-09-15 07:59:58.696 [info] Got 1 sessions for ...
2025-09-15 07:59:58.700 [info] Getting sessions for all scopes...
2025-09-15 07:59:58.700 [info] Got 1 sessions for ...
2025-09-15 07:59:58.751 [info] Getting sessions for read:user,repo,user:email,workflow...
2025-09-15 07:59:58.751 [info] Got 0 sessions for read:user,repo,user:email,workflow...
2025-09-15 07:59:58.755 [info] Getting sessions for user:email...
2025-09-15 07:59:58.755 [info] Got 1 sessions for user:email...
2025-09-15 07:59:58.755 [info] Getting sessions for read:user,repo,user:email,workflow...
2025-09-15 07:59:58.755 [info] Got 0 sessions for read:user,repo,user:email,workflow...
2025-09-15 07:59:58.762 [info] Getting sessions for all scopes...
2025-09-15 07:59:58.762 [info] Got 1 sessions for ...
2025-09-15 07:59:58.762 [info] Getting sessions for all scopes...
2025-09-15 07:59:58.762 [info] Got 1 sessions for ...
2025-09-15 07:59:58.762 [info] Getting sessions for all scopes...
2025-09-15 07:59:58.762 [info] Got 1 sessions for ...
2025-09-15 07:59:58.763 [info] Getting sessions for read:user,repo,user:email,workflow...
2025-09-15 07:59:58.763 [info] Got 0 sessions for read:user,repo,user:email,workflow...
2025-09-15 07:59:58.764 [info] Getting sessions for user:email...
2025-09-15 07:59:58.764 [info] Got 1 sessions for user:email...
2025-09-15 07:59:58.947 [info] Getting sessions for all scopes...
2025-09-15 07:59:58.947 [info] Got 1 sessions for ...
2025-09-15 07:59:58.948 [info] Getting sessions for read:user,repo,user:email,workflow...
2025-09-15 07:59:58.948 [info] Got 0 sessions for read:user,repo,user:email,workflow...
2025-09-15 07:59:58.949 [info] Getting sessions for user:email...
2025-09-15 07:59:58.949 [info] Got 1 sessions for user:email...
2025-09-15 07:59:59.596 [info] Getting sessions for all scopes...
2025-09-15 07:59:59.596 [info] Got 1 sessions for ...
2025-09-15 08:25:44.932 [info] Getting sessions for read:user,repo,user:email,workflow...
2025-09-15 08:25:44.933 [info] Got 0 sessions for read:user,repo,user:email,workflow...
2025-09-15 08:25:44.937 [info] Getting sessions for read:user...
2025-09-15 08:25:44.937 [info] Got 0 sessions for read:user...
2025-09-15 08:25:44.938 [info] Getting sessions for user:email...
2025-09-15 08:25:44.938 [info] Got 1 sessions for user:email...
