2025-09-14 09:17:15.657 [info] update#setState idle
2025-09-14 09:17:45.649 [info] update#setState checking for updates
2025-09-14 09:17:45.715 [info] update#setState idle
2025-09-14 10:17:45.651 [info] update#setState checking for updates
2025-09-14 10:17:46.078 [info] update#setState idle
2025-09-14 11:17:45.653 [info] update#setState checking for updates
2025-09-14 11:17:46.085 [info] update#setState idle
2025-09-14 12:17:45.655 [info] update#setState checking for updates
2025-09-14 12:17:59.243 [info] update#setState idle
2025-09-14 13:17:45.658 [info] update#setState checking for updates
2025-09-14 13:17:46.114 [info] update#setState idle
2025-09-14 14:17:45.661 [info] update#setState checking for updates
2025-09-14 14:17:46.092 [info] update#setState idle
2025-09-14 15:17:45.663 [info] update#setState checking for updates
2025-09-14 15:17:46.101 [info] update#setState idle
2025-09-14 16:17:45.666 [info] update#setState checking for updates
2025-09-14 16:17:45.674 [error] #9: https://update.code.visualstudio.com/api/update/linux-x64/stable/f220831ea2d946c0dcb0f3eaa480eb435a2c1260?bg=true - error undefined net::ERR_INTERNET_DISCONNECTED
2025-09-14 16:17:45.677 [error] Error: net::ERR_INTERNET_DISCONNECTED
    at SimpleURLLoaderWrapper.<anonymous> (node:electron/js2c/browser_init:2:123921)
    at SimpleURLLoaderWrapper.emit (node:events:518:28)
2025-09-14 16:17:45.680 [info] update#setState idle
2025-09-14 17:17:45.668 [info] update#setState checking for updates
2025-09-14 17:17:46.101 [info] update#setState idle
