2025-09-14 09:10:48.306 [info] [aebc6443-996d-45c2-90f0-388ff96faa56] Native Broker is only available on Windows
2025-09-14 09:10:48.306 [info] [getSessions] [all] starting
2025-09-14 09:10:48.306 [info] [getSessions] [all] returned 0 session(s)
2025-09-14 09:10:48.306 [info] [getSessions] [all] starting
2025-09-14 09:10:48.306 [info] [getSessions] [all] returned 0 session(s)
2025-09-14 09:10:48.306 [info] [getSessions] [all] starting
2025-09-14 09:10:48.306 [info] [getSessions] [all] returned 0 session(s)
2025-09-14 09:10:48.306 [info] [getSessions] [499b84ac-1321-427f-aa17-267ca6975798/.default offline_access] starting
2025-09-14 09:10:48.306 [info] [aebc6443-996d-45c2-90f0-388ff96faa56] Native Broker is only available on Windows
2025-09-14 09:10:48.329 [info] [getSessions] [499b84ac-1321-427f-aa17-267ca6975798/.default offline_access] returned 0 session(s)
2025-09-14 09:10:49.807 [info] [getSessions] [all] starting
2025-09-14 09:10:49.807 [info] [getSessions] [all] returned 0 session(s)
2025-09-14 09:10:49.808 [info] [getSessions] [all] starting
2025-09-14 09:10:49.808 [info] [getSessions] [all] returned 0 session(s)
2025-09-14 09:10:49.808 [info] [getSessions] [all] starting
2025-09-14 09:10:49.808 [info] [getSessions] [all] returned 0 session(s)
2025-09-14 09:10:50.810 [info] [getSessions] [499b84ac-1321-427f-aa17-267ca6975798/.default offline_access] starting
2025-09-14 09:10:50.810 [info] [getSessions] [499b84ac-1321-427f-aa17-267ca6975798/.default offline_access] returned 0 session(s)
2025-09-14 09:10:52.735 [info] [getSessions] [all] starting
2025-09-14 09:10:52.735 [info] [getSessions] [all] returned 0 session(s)
