2025-09-14 09:17:20.408 [info] [aebc6443-996d-45c2-90f0-388ff96faa56] Native Broker is only available on Windows
2025-09-14 09:17:20.548 [info] [getSessions] [all] starting
2025-09-14 09:17:20.548 [info] [getSessions] [all] returned 0 session(s)
2025-09-14 09:17:20.548 [info] [getSessions] [all] starting
2025-09-14 09:17:20.548 [info] [getSessions] [all] returned 0 session(s)
2025-09-14 09:17:20.548 [info] [getSessions] [all] starting
2025-09-14 09:17:20.548 [info] [getSessions] [all] returned 0 session(s)
2025-09-14 09:17:20.548 [info] [getSessions] [all] starting
2025-09-14 09:17:20.548 [info] [getSessions] [all] returned 0 session(s)
2025-09-14 09:17:20.548 [info] [getSessions] [499b84ac-1321-427f-aa17-267ca6975798/.default offline_access] starting
2025-09-14 09:17:20.548 [info] [aebc6443-996d-45c2-90f0-388ff96faa56] Native Broker is only available on Windows
2025-09-14 09:17:20.945 [info] [getSessions] [499b84ac-1321-427f-aa17-267ca6975798/.default offline_access] returned 0 session(s)
2025-09-14 09:17:21.528 [info] [getSessions] [499b84ac-1321-427f-aa17-267ca6975798/.default offline_access] starting
2025-09-14 09:17:21.529 [info] [getSessions] [499b84ac-1321-427f-aa17-267ca6975798/.default offline_access] returned 0 session(s)
2025-09-14 09:17:23.440 [info] [getSessions] [all] starting
2025-09-14 09:17:23.440 [info] [getSessions] [all] returned 0 session(s)
2025-09-14 09:23:55.102 [info] [getSessions] [all] starting
2025-09-14 09:23:55.102 [info] [getSessions] [all] returned 0 session(s)
2025-09-14 09:27:11.537 [info] [getSessions] [all] starting
2025-09-14 09:27:11.537 [info] [getSessions] [all] returned 0 session(s)
2025-09-14 09:32:14.273 [info] [getSessions] [all] starting
2025-09-14 09:32:14.273 [info] [getSessions] [all] returned 0 session(s)
2025-09-14 09:32:20.867 [info] [getSessions] [all] starting
2025-09-14 09:32:20.867 [info] [getSessions] [all] returned 0 session(s)
