2025-09-14 22:22:02.800 [info] Reading sessions from keychain...
2025-09-14 22:22:02.800 [info] Getting sessions for all scopes...
2025-09-14 22:22:02.842 [info] Got stored sessions!
2025-09-14 22:22:02.842 [info] Got 1 verified sessions.
2025-09-14 22:22:02.842 [info] Got 1 sessions for ...
2025-09-14 22:22:02.842 [info] Getting sessions for all scopes...
2025-09-14 22:22:02.842 [info] Got 1 sessions for ...
2025-09-14 22:22:02.842 [info] Getting sessions for all scopes...
2025-09-14 22:22:02.842 [info] Got 1 sessions for ...
2025-09-14 22:22:02.842 [info] Getting sessions for all scopes...
2025-09-14 22:22:02.842 [info] Got 1 sessions for ...
2025-09-14 22:22:02.842 [info] Getting sessions for all scopes...
2025-09-14 22:22:02.842 [info] Got 1 sessions for ...
2025-09-14 22:22:02.842 [info] Getting sessions for all scopes...
2025-09-14 22:22:02.842 [info] Got 1 sessions for ...
2025-09-14 22:22:02.842 [info] Getting sessions for all scopes...
2025-09-14 22:22:02.842 [info] Got 1 sessions for ...
2025-09-14 22:22:02.842 [info] Getting sessions for all scopes...
2025-09-14 22:22:02.842 [info] Got 1 sessions for ...
2025-09-14 22:22:02.852 [info] Getting sessions for all scopes...
2025-09-14 22:22:02.852 [info] Got 1 sessions for ...
2025-09-14 22:22:02.853 [info] Getting sessions for all scopes...
2025-09-14 22:22:02.853 [info] Got 1 sessions for ...
2025-09-14 22:22:02.853 [info] Getting sessions for all scopes...
2025-09-14 22:22:02.853 [info] Got 1 sessions for ...
2025-09-14 22:22:02.853 [info] Getting sessions for all scopes...
2025-09-14 22:22:02.853 [info] Got 1 sessions for ...
2025-09-14 22:22:02.853 [info] Getting sessions for all scopes...
2025-09-14 22:22:02.853 [info] Got 1 sessions for ...
2025-09-14 22:22:02.853 [info] Getting sessions for all scopes...
2025-09-14 22:22:02.853 [info] Got 1 sessions for ...
2025-09-14 22:22:03.199 [info] Getting sessions for all scopes...
2025-09-14 22:22:03.199 [info] Got 1 sessions for ...
2025-09-14 22:22:04.622 [info] Getting sessions for all scopes...
2025-09-14 22:22:04.622 [info] Got 1 sessions for ...
2025-09-14 22:22:04.622 [info] Getting sessions for all scopes...
2025-09-14 22:22:04.622 [info] Got 1 sessions for ...
2025-09-14 22:22:04.622 [info] Getting sessions for all scopes...
2025-09-14 22:22:04.622 [info] Got 1 sessions for ...
2025-09-14 22:22:04.767 [info] fetching: Electron fetch failed with status: 429 
2025-09-14 22:22:05.769 [info] fetching: Node fetch failed with status: 429 Too Many Requests
2025-09-14 22:22:06.764 [info] fetching: Node http/s failed with status: 429 Too Many Requests
2025-09-14 22:22:08.640 [info] Getting sessions for all scopes...
2025-09-14 22:22:08.640 [info] Got 1 sessions for ...
2025-09-14 22:22:08.640 [info] Getting sessions for all scopes...
2025-09-14 22:22:08.640 [info] Got 1 sessions for ...
2025-09-14 22:22:08.703 [info] Getting sessions for read:user,repo,user:email,workflow...
2025-09-14 22:22:08.704 [info] Got 0 sessions for read:user,repo,user:email,workflow...
2025-09-14 22:22:09.051 [info] Getting sessions for user:email...
2025-09-14 22:22:09.051 [info] Got 1 sessions for user:email...
2025-09-14 22:22:09.051 [info] Getting sessions for read:user,repo,user:email,workflow...
2025-09-14 22:22:09.051 [info] Got 0 sessions for read:user,repo,user:email,workflow...
2025-09-14 22:22:09.061 [info] Getting sessions for all scopes...
2025-09-14 22:22:09.061 [info] Got 1 sessions for ...
2025-09-14 22:22:09.061 [info] Getting sessions for read:user,repo,user:email,workflow...
2025-09-14 22:22:09.061 [info] Got 0 sessions for read:user,repo,user:email,workflow...
2025-09-14 22:22:09.067 [info] Getting sessions for all scopes...
2025-09-14 22:22:09.067 [info] Got 1 sessions for ...
2025-09-14 22:22:09.076 [info] Getting sessions for read:user...
2025-09-14 22:22:09.076 [info] Got 0 sessions for read:user...
2025-09-14 22:22:09.137 [info] Getting sessions for user:email...
2025-09-14 22:22:09.137 [info] Got 1 sessions for user:email...
2025-09-14 22:22:09.138 [info] Getting sessions for all scopes...
2025-09-14 22:22:09.138 [info] Got 1 sessions for ...
2025-09-14 22:22:09.168 [info] Getting sessions for all scopes...
2025-09-14 22:22:09.168 [info] Got 1 sessions for ...
2025-09-14 22:22:09.210 [info] Getting sessions for read:user,repo,user:email,workflow...
2025-09-14 22:22:09.210 [info] Got 0 sessions for read:user,repo,user:email,workflow...
2025-09-14 22:22:09.272 [info] Getting sessions for user:email...
2025-09-14 22:22:09.272 [info] Got 1 sessions for user:email...
2025-09-14 22:22:09.280 [info] Getting sessions for all scopes...
2025-09-14 22:22:09.280 [info] Got 1 sessions for ...
2025-09-14 22:22:09.286 [info] Getting sessions for read:user,repo,user:email,workflow...
2025-09-14 22:22:09.286 [info] Got 0 sessions for read:user,repo,user:email,workflow...
2025-09-14 22:22:09.292 [info] Getting sessions for user:email...
2025-09-14 22:22:09.292 [info] Got 1 sessions for user:email...
2025-09-14 22:22:09.762 [info] Getting sessions for all scopes...
2025-09-14 22:22:09.763 [info] Got 1 sessions for ...
2025-09-14 22:22:09.765 [info] Getting sessions for read:user,repo,user:email,workflow...
2025-09-14 22:22:09.765 [info] Got 0 sessions for read:user,repo,user:email,workflow...
2025-09-14 22:22:09.765 [info] Getting sessions for user:email...
2025-09-14 22:22:09.765 [info] Got 1 sessions for user:email...
2025-09-14 22:22:09.878 [info] Getting sessions for all scopes...
2025-09-14 22:22:09.878 [info] Got 1 sessions for ...
2025-09-14 22:22:09.879 [info] Getting sessions for all scopes...
2025-09-14 22:22:09.879 [info] Got 1 sessions for ...
2025-09-14 22:22:09.881 [info] Getting sessions for read:user,repo,user:email,workflow...
2025-09-14 22:22:09.881 [info] Got 0 sessions for read:user,repo,user:email,workflow...
2025-09-14 22:22:09.889 [info] Getting sessions for user:email...
2025-09-14 22:22:09.889 [info] Got 1 sessions for user:email...
2025-09-14 22:22:09.890 [info] Getting sessions for read:user,repo,user:email,workflow...
2025-09-14 22:22:09.890 [info] Got 0 sessions for read:user,repo,user:email,workflow...
2025-09-14 22:22:09.891 [info] Getting sessions for all scopes...
2025-09-14 22:22:09.891 [info] Got 1 sessions for ...
2025-09-14 22:22:09.891 [info] Getting sessions for read:user,repo,user:email,workflow...
2025-09-14 22:22:09.891 [info] Got 0 sessions for read:user,repo,user:email,workflow...
2025-09-14 22:22:09.891 [info] Getting sessions for user:email...
2025-09-14 22:22:09.891 [info] Got 1 sessions for user:email...
2025-09-14 22:22:09.944 [info] Getting sessions for all scopes...
2025-09-14 22:22:09.944 [info] Got 1 sessions for ...
2025-09-14 22:22:09.947 [info] Getting sessions for all scopes...
2025-09-14 22:22:09.947 [info] Got 1 sessions for ...
2025-09-14 22:22:09.957 [info] Getting sessions for read:user,repo,user:email,workflow...
2025-09-14 22:22:09.957 [info] Got 0 sessions for read:user,repo,user:email,workflow...
2025-09-14 22:22:09.958 [info] Getting sessions for user:email...
2025-09-14 22:22:09.958 [info] Got 1 sessions for user:email...
2025-09-14 22:22:09.958 [info] Getting sessions for read:user,repo,user:email,workflow...
2025-09-14 22:22:09.958 [info] Got 0 sessions for read:user,repo,user:email,workflow...
2025-09-14 22:22:09.961 [info] Getting sessions for all scopes...
2025-09-14 22:22:09.961 [info] Got 1 sessions for ...
2025-09-14 22:22:09.961 [info] Getting sessions for all scopes...
2025-09-14 22:22:09.961 [info] Got 1 sessions for ...
2025-09-14 22:22:09.961 [info] Getting sessions for all scopes...
2025-09-14 22:22:09.961 [info] Got 1 sessions for ...
2025-09-14 22:22:09.962 [info] Getting sessions for read:user,repo,user:email,workflow...
2025-09-14 22:22:09.962 [info] Got 0 sessions for read:user,repo,user:email,workflow...
2025-09-14 22:22:09.962 [info] Getting sessions for user:email...
2025-09-14 22:22:09.962 [info] Got 1 sessions for user:email...
2025-09-14 22:22:11.314 [info] Getting sessions for all scopes...
2025-09-14 22:22:11.314 [info] Got 1 sessions for ...
2025-09-14 22:22:11.314 [info] Getting sessions for read:user,repo,user:email,workflow...
2025-09-14 22:22:11.314 [info] Got 0 sessions for read:user,repo,user:email,workflow...
2025-09-14 22:22:11.315 [info] Getting sessions for user:email...
2025-09-14 22:22:11.315 [info] Got 1 sessions for user:email...
2025-09-14 22:22:12.006 [info] Getting sessions for all scopes...
2025-09-14 22:22:12.006 [info] Got 1 sessions for ...
2025-09-14 23:32:39.274 [info] Getting sessions for read:user,repo,user:email,workflow...
2025-09-14 23:32:39.274 [info] Got 0 sessions for read:user,repo,user:email,workflow...
2025-09-14 23:32:39.275 [info] Getting sessions for read:user...
2025-09-14 23:32:39.275 [info] Got 0 sessions for read:user...
2025-09-14 23:32:39.276 [info] Getting sessions for user:email...
2025-09-14 23:32:39.276 [info] Got 1 sessions for user:email...
