2025-09-15 07:59:43.716 [info] [aebc6443-996d-45c2-90f0-388ff96faa56] Native Broker is only available on Windows
2025-09-15 07:59:43.723 [info] [getSessions] [all] starting
2025-09-15 07:59:43.723 [info] [getSessions] [all] returned 0 session(s)
2025-09-15 07:59:43.723 [info] [getSessions] [all] starting
2025-09-15 07:59:43.723 [info] [getSessions] [all] returned 0 session(s)
2025-09-15 07:59:43.723 [info] [getSessions] [all] starting
2025-09-15 07:59:43.723 [info] [getSessions] [all] returned 0 session(s)
2025-09-15 07:59:43.723 [info] [getSessions] [all] starting
2025-09-15 07:59:43.723 [info] [getSessions] [all] returned 0 session(s)
2025-09-15 07:59:43.724 [info] [getSessions] [499b84ac-1321-427f-aa17-267ca6975798/.default offline_access] starting
2025-09-15 07:59:43.724 [info] [aebc6443-996d-45c2-90f0-388ff96faa56] Native Broker is only available on Windows
2025-09-15 07:59:43.795 [info] [getSessions] [499b84ac-1321-427f-aa17-267ca6975798/.default offline_access] returned 0 session(s)
2025-09-15 07:59:44.315 [info] [getSessions] [499b84ac-1321-427f-aa17-267ca6975798/.default offline_access] starting
2025-09-15 07:59:44.315 [info] [getSessions] [499b84ac-1321-427f-aa17-267ca6975798/.default offline_access] returned 0 session(s)
2025-09-15 07:59:46.117 [info] [getSessions] [all] starting
2025-09-15 07:59:46.117 [info] [getSessions] [all] returned 0 session(s)
2025-09-15 07:59:57.888 [info] [aebc6443-996d-45c2-90f0-388ff96faa56] Native Broker is only available on Windows
2025-09-15 07:59:57.921 [info] [getSessions] [all] starting
2025-09-15 07:59:57.921 [info] [getSessions] [all] returned 0 session(s)
2025-09-15 07:59:57.921 [info] [getSessions] [all] starting
2025-09-15 07:59:57.921 [info] [getSessions] [all] returned 0 session(s)
2025-09-15 07:59:57.921 [info] [getSessions] [all] starting
2025-09-15 07:59:57.921 [info] [getSessions] [all] returned 0 session(s)
2025-09-15 07:59:57.921 [info] [getSessions] [all] starting
2025-09-15 07:59:57.921 [info] [getSessions] [all] returned 0 session(s)
2025-09-15 07:59:57.922 [info] [getSessions] [499b84ac-1321-427f-aa17-267ca6975798/.default offline_access] starting
2025-09-15 07:59:57.922 [info] [aebc6443-996d-45c2-90f0-388ff96faa56] Native Broker is only available on Windows
2025-09-15 07:59:58.008 [info] [getSessions] [499b84ac-1321-427f-aa17-267ca6975798/.default offline_access] returned 0 session(s)
2025-09-15 07:59:58.622 [info] [getSessions] [499b84ac-1321-427f-aa17-267ca6975798/.default offline_access] starting
2025-09-15 07:59:58.622 [info] [getSessions] [499b84ac-1321-427f-aa17-267ca6975798/.default offline_access] returned 0 session(s)
2025-09-15 07:59:59.596 [info] [getSessions] [all] starting
2025-09-15 07:59:59.596 [info] [getSessions] [all] returned 0 session(s)
