2025-09-14 09:17:18.815 [info] Reading sessions from keychain...
2025-09-14 09:17:18.815 [info] Getting sessions for all scopes...
2025-09-14 09:17:18.815 [info] Got stored sessions!
2025-09-14 09:17:18.815 [info] Got 1 verified sessions.
2025-09-14 09:17:18.815 [info] Got 1 sessions for ...
2025-09-14 09:17:18.815 [info] Getting sessions for all scopes...
2025-09-14 09:17:18.815 [info] Got 1 sessions for ...
2025-09-14 09:17:18.815 [info] Getting sessions for all scopes...
2025-09-14 09:17:18.815 [info] Got 1 sessions for ...
2025-09-14 09:17:18.815 [info] Getting sessions for all scopes...
2025-09-14 09:17:18.815 [info] Got 1 sessions for ...
2025-09-14 09:17:18.815 [info] Getting sessions for all scopes...
2025-09-14 09:17:18.815 [info] Got 1 sessions for ...
2025-09-14 09:17:18.815 [info] Getting sessions for all scopes...
2025-09-14 09:17:18.815 [info] Got 1 sessions for ...
2025-09-14 09:17:18.815 [info] Getting sessions for all scopes...
2025-09-14 09:17:18.815 [info] Got 1 sessions for ...
2025-09-14 09:17:18.815 [info] Getting sessions for all scopes...
2025-09-14 09:17:18.815 [info] Got 1 sessions for ...
2025-09-14 09:17:18.815 [info] Getting sessions for all scopes...
2025-09-14 09:17:18.815 [info] Got 1 sessions for ...
2025-09-14 09:17:18.815 [info] Getting sessions for all scopes...
2025-09-14 09:17:18.815 [info] Got 1 sessions for ...
2025-09-14 09:17:18.815 [info] Getting sessions for all scopes...
2025-09-14 09:17:18.815 [info] Got 1 sessions for ...
2025-09-14 09:17:18.815 [info] Getting sessions for all scopes...
2025-09-14 09:17:18.815 [info] Got 1 sessions for ...
2025-09-14 09:17:18.815 [info] Getting sessions for all scopes...
2025-09-14 09:17:18.815 [info] Got 1 sessions for ...
2025-09-14 09:17:18.815 [info] Getting sessions for all scopes...
2025-09-14 09:17:18.815 [info] Got 1 sessions for ...
2025-09-14 09:17:18.815 [info] Getting sessions for all scopes...
2025-09-14 09:17:18.815 [info] Got 1 sessions for ...
2025-09-14 09:17:18.815 [info] Getting sessions for all scopes...
2025-09-14 09:17:18.815 [info] Got 1 sessions for ...
2025-09-14 09:17:18.815 [info] Getting sessions for all scopes...
2025-09-14 09:17:18.815 [info] Got 1 sessions for ...
2025-09-14 09:17:18.815 [info] Getting sessions for all scopes...
2025-09-14 09:17:18.815 [info] Got 1 sessions for ...
2025-09-14 09:17:18.815 [info] Getting sessions for read:user,repo,user:email,workflow...
2025-09-14 09:17:18.815 [info] Got 0 sessions for read:user,repo,user:email,workflow...
2025-09-14 09:17:18.824 [info] Getting sessions for user:email...
2025-09-14 09:17:18.825 [info] Got 1 sessions for user:email...
2025-09-14 09:17:18.825 [info] Getting sessions for read:user,repo,user:email,workflow...
2025-09-14 09:17:18.825 [info] Got 0 sessions for read:user,repo,user:email,workflow...
2025-09-14 09:17:20.408 [info] Getting sessions for all scopes...
2025-09-14 09:17:20.408 [info] Got 1 sessions for ...
2025-09-14 09:17:20.439 [info] Getting sessions for all scopes...
2025-09-14 09:17:20.440 [info] Got 1 sessions for ...
2025-09-14 09:17:20.440 [info] Getting sessions for all scopes...
2025-09-14 09:17:20.440 [info] Got 1 sessions for ...
2025-09-14 09:17:20.440 [info] Getting sessions for all scopes...
2025-09-14 09:17:20.440 [info] Got 1 sessions for ...
2025-09-14 09:17:20.514 [info] Getting sessions for read:user,repo,user:email,workflow...
2025-09-14 09:17:20.514 [info] Got 0 sessions for read:user,repo,user:email,workflow...
2025-09-14 09:17:20.547 [info] Getting sessions for all scopes...
2025-09-14 09:17:20.547 [info] Got 1 sessions for ...
2025-09-14 09:17:20.652 [info] Getting sessions for user:email...
2025-09-14 09:17:20.652 [info] Got 1 sessions for user:email...
2025-09-14 09:17:20.946 [info] Getting sessions for all scopes...
2025-09-14 09:17:20.946 [info] Got 1 sessions for ...
2025-09-14 09:17:20.946 [info] Getting sessions for read:user,repo,user:email,workflow...
2025-09-14 09:17:20.946 [info] Got 0 sessions for read:user,repo,user:email,workflow...
2025-09-14 09:17:20.946 [info] Getting sessions for all scopes...
2025-09-14 09:17:20.946 [info] Got 1 sessions for ...
2025-09-14 09:17:20.951 [info] Getting sessions for all scopes...
2025-09-14 09:17:20.951 [info] Got 1 sessions for ...
2025-09-14 09:17:20.954 [info] Getting sessions for all scopes...
2025-09-14 09:17:20.955 [info] Got 1 sessions for ...
2025-09-14 09:17:20.955 [info] Getting sessions for read:user...
2025-09-14 09:17:20.955 [info] Got 0 sessions for read:user...
2025-09-14 09:17:20.955 [info] Getting sessions for read:user,repo,user:email,workflow...
2025-09-14 09:17:20.955 [info] Got 0 sessions for read:user,repo,user:email,workflow...
2025-09-14 09:17:20.955 [info] Getting sessions for user:email...
2025-09-14 09:17:20.955 [info] Got 1 sessions for user:email...
2025-09-14 09:17:20.964 [info] Getting sessions for user:email...
2025-09-14 09:17:20.964 [info] Got 1 sessions for user:email...
2025-09-14 09:17:21.372 [info] fetching: Electron fetch failed with status: 429 
2025-09-14 09:17:21.432 [info] Getting sessions for all scopes...
2025-09-14 09:17:21.432 [info] Got 1 sessions for ...
2025-09-14 09:17:21.433 [info] Getting sessions for read:user,repo,user:email,workflow...
2025-09-14 09:17:21.433 [info] Got 0 sessions for read:user,repo,user:email,workflow...
2025-09-14 09:17:21.433 [info] Getting sessions for user:email...
2025-09-14 09:17:21.433 [info] Got 1 sessions for user:email...
2025-09-14 09:17:21.527 [info] Getting sessions for all scopes...
2025-09-14 09:17:21.527 [info] Got 1 sessions for ...
2025-09-14 09:17:21.528 [info] Getting sessions for all scopes...
2025-09-14 09:17:21.528 [info] Got 1 sessions for ...
2025-09-14 09:17:21.530 [info] Getting sessions for read:user,repo,user:email,workflow...
2025-09-14 09:17:21.530 [info] Got 0 sessions for read:user,repo,user:email,workflow...
2025-09-14 09:17:21.543 [info] Getting sessions for user:email...
2025-09-14 09:17:21.543 [info] Got 1 sessions for user:email...
2025-09-14 09:17:21.543 [info] Getting sessions for read:user,repo,user:email,workflow...
2025-09-14 09:17:21.543 [info] Got 0 sessions for read:user,repo,user:email,workflow...
2025-09-14 09:17:21.544 [info] Getting sessions for all scopes...
2025-09-14 09:17:21.544 [info] Got 1 sessions for ...
2025-09-14 09:17:21.545 [info] Getting sessions for read:user,repo,user:email,workflow...
2025-09-14 09:17:21.545 [info] Got 0 sessions for read:user,repo,user:email,workflow...
2025-09-14 09:17:21.546 [info] Getting sessions for user:email...
2025-09-14 09:17:21.546 [info] Got 1 sessions for user:email...
2025-09-14 09:17:21.605 [info] Getting sessions for all scopes...
2025-09-14 09:17:21.605 [info] Got 1 sessions for ...
2025-09-14 09:17:21.608 [info] Getting sessions for all scopes...
2025-09-14 09:17:21.608 [info] Got 1 sessions for ...
2025-09-14 09:17:21.609 [info] Getting sessions for read:user,repo,user:email,workflow...
2025-09-14 09:17:21.609 [info] Got 0 sessions for read:user,repo,user:email,workflow...
2025-09-14 09:17:21.610 [info] Getting sessions for user:email...
2025-09-14 09:17:21.610 [info] Got 1 sessions for user:email...
2025-09-14 09:17:21.610 [info] Getting sessions for read:user,repo,user:email,workflow...
2025-09-14 09:17:21.610 [info] Got 0 sessions for read:user,repo,user:email,workflow...
2025-09-14 09:17:21.614 [info] Getting sessions for all scopes...
2025-09-14 09:17:21.614 [info] Got 1 sessions for ...
2025-09-14 09:17:21.615 [info] Getting sessions for all scopes...
2025-09-14 09:17:21.615 [info] Got 1 sessions for ...
2025-09-14 09:17:21.615 [info] Getting sessions for all scopes...
2025-09-14 09:17:21.615 [info] Got 1 sessions for ...
2025-09-14 09:17:21.616 [info] Getting sessions for read:user,repo,user:email,workflow...
2025-09-14 09:17:21.616 [info] Got 0 sessions for read:user,repo,user:email,workflow...
2025-09-14 09:17:21.617 [info] Getting sessions for user:email...
2025-09-14 09:17:21.617 [info] Got 1 sessions for user:email...
2025-09-14 09:17:22.255 [info] fetching: Node fetch failed with status: 429 Too Many Requests
2025-09-14 09:17:22.744 [info] Getting sessions for all scopes...
2025-09-14 09:17:22.744 [info] Got 1 sessions for ...
2025-09-14 09:17:22.746 [info] Getting sessions for read:user,repo,user:email,workflow...
2025-09-14 09:17:22.746 [info] Got 0 sessions for read:user,repo,user:email,workflow...
2025-09-14 09:17:22.747 [info] Getting sessions for user:email...
2025-09-14 09:17:22.747 [info] Got 1 sessions for user:email...
2025-09-14 09:17:23.128 [info] fetching: Node http/s failed with status: 429 Too Many Requests
2025-09-14 09:17:23.440 [info] Getting sessions for all scopes...
2025-09-14 09:17:23.440 [info] Got 1 sessions for ...
2025-09-14 09:23:55.102 [info] Getting sessions for all scopes...
2025-09-14 09:23:55.102 [info] Got 1 sessions for ...
2025-09-14 09:27:11.536 [info] Getting sessions for all scopes...
2025-09-14 09:27:11.536 [info] Got 1 sessions for ...
2025-09-14 09:32:14.272 [info] Getting sessions for all scopes...
2025-09-14 09:32:14.272 [info] Got 1 sessions for ...
2025-09-14 09:32:20.867 [info] Getting sessions for all scopes...
2025-09-14 09:32:20.867 [info] Got 1 sessions for ...
2025-09-14 09:34:53.479 [info] Getting sessions for all scopes...
2025-09-14 09:34:53.479 [info] Got 1 sessions for ...
2025-09-14 09:34:53.482 [info] Getting sessions for read:user,repo,user:email,workflow...
2025-09-14 09:34:53.482 [info] Got 0 sessions for read:user,repo,user:email,workflow...
2025-09-14 09:34:53.483 [info] Getting sessions for user:email...
2025-09-14 09:34:53.483 [info] Got 1 sessions for user:email...
2025-09-14 09:34:55.147 [info] Getting sessions for all scopes...
2025-09-14 09:34:55.147 [info] Got 1 sessions for ...
2025-09-14 09:34:55.147 [info] Getting sessions for read:user,repo,user:email,workflow...
2025-09-14 09:34:55.147 [info] Got 0 sessions for read:user,repo,user:email,workflow...
2025-09-14 09:34:55.148 [info] Getting sessions for user:email...
2025-09-14 09:34:55.148 [info] Got 1 sessions for user:email...
2025-09-14 09:35:03.549 [info] Getting sessions for all scopes...
2025-09-14 09:35:03.549 [info] Got 1 sessions for ...
2025-09-14 09:35:03.549 [info] Getting sessions for read:user,repo,user:email,workflow...
2025-09-14 09:35:03.549 [info] Got 0 sessions for read:user,repo,user:email,workflow...
2025-09-14 09:35:03.550 [info] Getting sessions for user:email...
2025-09-14 09:35:03.550 [info] Got 1 sessions for user:email...
2025-09-14 09:35:11.817 [info] Getting sessions for all scopes...
2025-09-14 09:35:11.818 [info] Got 1 sessions for ...
2025-09-14 09:35:11.818 [info] Getting sessions for read:user,repo,user:email,workflow...
2025-09-14 09:35:11.818 [info] Got 0 sessions for read:user,repo,user:email,workflow...
2025-09-14 09:35:11.818 [info] Getting sessions for user:email...
2025-09-14 09:35:11.818 [info] Got 1 sessions for user:email...
2025-09-14 09:35:59.213 [info] Getting sessions for all scopes...
2025-09-14 09:35:59.213 [info] Got 1 sessions for ...
2025-09-14 09:35:59.214 [info] Getting sessions for read:user,repo,user:email,workflow...
2025-09-14 09:35:59.214 [info] Got 0 sessions for read:user,repo,user:email,workflow...
2025-09-14 09:35:59.214 [info] Getting sessions for user:email...
2025-09-14 09:35:59.214 [info] Got 1 sessions for user:email...
2025-09-14 09:36:01.396 [info] Getting sessions for all scopes...
2025-09-14 09:36:01.396 [info] Got 1 sessions for ...
2025-09-14 09:36:01.396 [info] Getting sessions for read:user,repo,user:email,workflow...
2025-09-14 09:36:01.396 [info] Got 0 sessions for read:user,repo,user:email,workflow...
2025-09-14 09:36:01.396 [info] Getting sessions for user:email...
2025-09-14 09:36:01.396 [info] Got 1 sessions for user:email...
2025-09-14 09:36:11.742 [info] Getting sessions for all scopes...
2025-09-14 09:36:11.742 [info] Got 1 sessions for ...
2025-09-14 09:36:11.744 [info] Getting sessions for read:user,repo,user:email,workflow...
2025-09-14 09:36:11.744 [info] Got 0 sessions for read:user,repo,user:email,workflow...
2025-09-14 09:36:11.745 [info] Getting sessions for user:email...
2025-09-14 09:36:11.745 [info] Got 1 sessions for user:email...
2025-09-14 09:36:15.144 [info] Getting sessions for all scopes...
2025-09-14 09:36:15.144 [info] Got 1 sessions for ...
2025-09-14 09:36:15.145 [info] Getting sessions for read:user,repo,user:email,workflow...
2025-09-14 09:36:15.145 [info] Got 0 sessions for read:user,repo,user:email,workflow...
2025-09-14 09:36:15.146 [info] Getting sessions for user:email...
2025-09-14 09:36:15.146 [info] Got 1 sessions for user:email...
2025-09-14 09:36:28.272 [info] Getting sessions for all scopes...
2025-09-14 09:36:28.272 [info] Got 1 sessions for ...
2025-09-14 09:36:28.273 [info] Getting sessions for read:user,repo,user:email,workflow...
2025-09-14 09:36:28.273 [info] Got 0 sessions for read:user,repo,user:email,workflow...
2025-09-14 09:36:28.273 [info] Getting sessions for user:email...
2025-09-14 09:36:28.273 [info] Got 1 sessions for user:email...
2025-09-14 09:36:34.261 [info] Getting sessions for all scopes...
2025-09-14 09:36:34.261 [info] Got 1 sessions for ...
2025-09-14 09:36:34.262 [info] Getting sessions for read:user,repo,user:email,workflow...
2025-09-14 09:36:34.262 [info] Got 0 sessions for read:user,repo,user:email,workflow...
2025-09-14 09:36:34.263 [info] Getting sessions for user:email...
2025-09-14 09:36:34.263 [info] Got 1 sessions for user:email...
2025-09-14 09:36:45.836 [info] Getting sessions for all scopes...
2025-09-14 09:36:45.836 [info] Got 1 sessions for ...
2025-09-14 09:36:45.836 [info] Getting sessions for read:user,repo,user:email,workflow...
2025-09-14 09:36:45.836 [info] Got 0 sessions for read:user,repo,user:email,workflow...
2025-09-14 09:36:45.837 [info] Getting sessions for user:email...
2025-09-14 09:36:45.837 [info] Got 1 sessions for user:email...
2025-09-14 09:36:57.985 [info] Getting sessions for all scopes...
2025-09-14 09:36:57.985 [info] Got 1 sessions for ...
2025-09-14 09:36:57.988 [info] Getting sessions for read:user,repo,user:email,workflow...
2025-09-14 09:36:57.988 [info] Got 0 sessions for read:user,repo,user:email,workflow...
2025-09-14 09:36:57.989 [info] Getting sessions for user:email...
2025-09-14 09:36:57.989 [info] Got 1 sessions for user:email...
2025-09-14 09:37:09.450 [info] Getting sessions for all scopes...
2025-09-14 09:37:09.450 [info] Got 1 sessions for ...
2025-09-14 09:37:09.451 [info] Getting sessions for read:user,repo,user:email,workflow...
2025-09-14 09:37:09.451 [info] Got 0 sessions for read:user,repo,user:email,workflow...
2025-09-14 09:37:09.451 [info] Getting sessions for user:email...
2025-09-14 09:37:09.451 [info] Got 1 sessions for user:email...
