2025-09-14 08:55:54.603 [info] Reading sessions from keychain...
2025-09-14 08:55:54.610 [info] Getting sessions for all scopes...
2025-09-14 08:55:54.636 [info] Got 0 sessions for ...
2025-09-14 08:55:54.637 [info] Getting sessions for all scopes...
2025-09-14 08:55:54.637 [info] Got 0 sessions for ...
2025-09-14 08:55:54.637 [info] Getting sessions for all scopes...
2025-09-14 08:55:54.637 [info] Got 0 sessions for ...
2025-09-14 08:55:54.637 [info] Getting sessions for all scopes...
2025-09-14 08:55:54.637 [info] Got 0 sessions for ...
2025-09-14 08:55:54.637 [info] Getting sessions for all scopes...
2025-09-14 08:55:54.637 [info] Got 0 sessions for ...
2025-09-14 08:55:54.637 [info] Getting sessions for all scopes...
2025-09-14 08:55:54.637 [info] Got 0 sessions for ...
2025-09-14 08:55:54.637 [info] Getting sessions for all scopes...
2025-09-14 08:55:54.637 [info] Got 0 sessions for ...
2025-09-14 08:55:54.663 [info] Getting sessions for all scopes...
2025-09-14 08:55:54.663 [info] Got 0 sessions for ...
2025-09-14 08:55:54.663 [info] Getting sessions for all scopes...
2025-09-14 08:55:54.663 [info] Got 0 sessions for ...
2025-09-14 08:55:54.663 [info] Getting sessions for all scopes...
2025-09-14 08:55:54.663 [info] Got 0 sessions for ...
2025-09-14 08:55:54.663 [info] Getting sessions for all scopes...
2025-09-14 08:55:54.663 [info] Got 0 sessions for ...
2025-09-14 08:55:54.663 [info] Getting sessions for all scopes...
2025-09-14 08:55:54.663 [info] Got 0 sessions for ...
2025-09-14 08:55:54.663 [info] Getting sessions for all scopes...
2025-09-14 08:55:54.663 [info] Got 0 sessions for ...
2025-09-14 08:55:54.772 [info] Getting sessions for all scopes...
2025-09-14 08:55:54.772 [info] Got 0 sessions for ...
2025-09-14 08:55:54.978 [info] Getting sessions for all scopes...
2025-09-14 08:55:54.978 [info] Got 0 sessions for ...
2025-09-14 08:55:56.487 [info] Getting sessions for all scopes...
2025-09-14 08:55:56.487 [info] Got 0 sessions for ...
2025-09-14 08:55:56.487 [info] Getting sessions for all scopes...
2025-09-14 08:55:56.487 [info] Got 0 sessions for ...
2025-09-14 08:55:56.487 [info] Getting sessions for all scopes...
2025-09-14 08:55:56.487 [info] Got 0 sessions for ...
2025-09-14 08:56:06.412 [info] Logging in with 'any' account...
2025-09-14 08:56:06.412 [info] Logging in for the following scopes: user:email
2025-09-14 08:56:06.428 [info] Trying with local server... (user:email)
2025-09-14 08:57:21.813 [info] Exchanging code for token...
2025-09-14 08:57:22.487 [info] fetching: Electron fetch succeeded (JSON)
2025-09-14 08:57:22.487 [info] Token exchange success!
2025-09-14 08:57:22.489 [info] Getting user info...
2025-09-14 08:57:23.004 [info] Got account info!
2025-09-14 08:57:23.005 [info] Storing 1 sessions...
2025-09-14 08:57:23.010 [info] Reading sessions from keychain...
2025-09-14 08:57:23.010 [info] Stored 1 sessions!
2025-09-14 08:57:23.010 [info] Login success!
2025-09-14 08:57:23.011 [info] Getting sessions for all scopes...
2025-09-14 08:57:23.016 [info] Got stored sessions!
2025-09-14 08:57:23.016 [info] Got 1 verified sessions.
2025-09-14 08:57:23.016 [info] Got 1 sessions for ...
2025-09-14 08:57:23.016 [info] Getting sessions for all scopes...
2025-09-14 08:57:23.016 [info] Got 1 sessions for ...
2025-09-14 08:57:23.017 [info] Getting sessions for all scopes...
2025-09-14 08:57:23.017 [info] Got 1 sessions for ...
2025-09-14 08:58:01.732 [info] Getting sessions for all scopes...
2025-09-14 08:58:01.732 [info] Got 1 sessions for ...
2025-09-14 08:58:01.732 [info] Getting sessions for all scopes...
2025-09-14 08:58:01.732 [info] Got 1 sessions for ...
2025-09-14 08:58:01.802 [info] Getting sessions for read:user,repo,user:email,workflow...
2025-09-14 08:58:01.802 [info] Got 0 sessions for read:user,repo,user:email,workflow...
2025-09-14 08:58:01.922 [info] Getting sessions for user:email...
2025-09-14 08:58:01.922 [info] Got 1 sessions for user:email...
2025-09-14 08:58:01.923 [info] Getting sessions for read:user,repo,user:email,workflow...
2025-09-14 08:58:01.923 [info] Got 0 sessions for read:user,repo,user:email,workflow...
2025-09-14 08:58:02.176 [info] Getting sessions for all scopes...
2025-09-14 08:58:02.176 [info] Got 1 sessions for ...
2025-09-14 08:58:02.176 [info] Getting sessions for read:user,repo,user:email,workflow...
2025-09-14 08:58:02.176 [info] Got 0 sessions for read:user,repo,user:email,workflow...
2025-09-14 08:58:02.179 [info] Getting sessions for all scopes...
2025-09-14 08:58:02.179 [info] Got 1 sessions for ...
2025-09-14 08:58:02.183 [info] Getting sessions for read:user...
2025-09-14 08:58:02.183 [info] Got 0 sessions for read:user...
2025-09-14 08:58:02.184 [info] Getting sessions for all scopes...
2025-09-14 08:58:02.184 [info] Got 1 sessions for ...
2025-09-14 08:58:02.188 [info] Getting sessions for user:email...
2025-09-14 08:58:02.188 [info] Got 1 sessions for user:email...
2025-09-14 08:58:02.192 [info] Getting sessions for all scopes...
2025-09-14 08:58:02.192 [info] Got 1 sessions for ...
2025-09-14 08:58:02.276 [info] Getting sessions for read:user,repo,user:email,workflow...
2025-09-14 08:58:02.276 [info] Got 0 sessions for read:user,repo,user:email,workflow...
2025-09-14 08:58:02.293 [info] Getting sessions for user:email...
2025-09-14 08:58:02.293 [info] Got 1 sessions for user:email...
2025-09-14 08:58:02.308 [info] Getting sessions for all scopes...
2025-09-14 08:58:02.308 [info] Got 1 sessions for ...
2025-09-14 08:58:02.320 [info] Getting sessions for read:user,repo,user:email,workflow...
2025-09-14 08:58:02.320 [info] Got 0 sessions for read:user,repo,user:email,workflow...
2025-09-14 08:58:02.327 [info] Getting sessions for user:email...
2025-09-14 08:58:02.327 [info] Got 1 sessions for user:email...
2025-09-14 08:58:02.738 [info] Getting sessions for all scopes...
2025-09-14 08:58:02.738 [info] Got 1 sessions for ...
2025-09-14 08:58:02.739 [info] Getting sessions for read:user,repo,user:email,workflow...
2025-09-14 08:58:02.739 [info] Got 0 sessions for read:user,repo,user:email,workflow...
2025-09-14 08:58:02.739 [info] Getting sessions for user:email...
2025-09-14 08:58:02.739 [info] Got 1 sessions for user:email...
2025-09-14 08:58:02.889 [info] Getting sessions for all scopes...
2025-09-14 08:58:02.889 [info] Got 1 sessions for ...
2025-09-14 08:58:02.891 [info] Getting sessions for all scopes...
2025-09-14 08:58:02.891 [info] Got 1 sessions for ...
2025-09-14 08:58:02.899 [info] Getting sessions for read:user,repo,user:email,workflow...
2025-09-14 08:58:02.899 [info] Got 0 sessions for read:user,repo,user:email,workflow...
2025-09-14 08:58:02.900 [info] Getting sessions for user:email...
2025-09-14 08:58:02.900 [info] Got 1 sessions for user:email...
2025-09-14 08:58:02.901 [info] Getting sessions for read:user,repo,user:email,workflow...
2025-09-14 08:58:02.901 [info] Got 0 sessions for read:user,repo,user:email,workflow...
2025-09-14 08:58:02.901 [info] Getting sessions for all scopes...
2025-09-14 08:58:02.901 [info] Got 1 sessions for ...
2025-09-14 08:58:02.902 [info] Getting sessions for read:user,repo,user:email,workflow...
2025-09-14 08:58:02.902 [info] Got 0 sessions for read:user,repo,user:email,workflow...
2025-09-14 08:58:02.902 [info] Getting sessions for user:email...
2025-09-14 08:58:02.902 [info] Got 1 sessions for user:email...
2025-09-14 08:58:02.954 [info] Getting sessions for all scopes...
2025-09-14 08:58:02.954 [info] Got 1 sessions for ...
2025-09-14 08:58:02.956 [info] Getting sessions for all scopes...
2025-09-14 08:58:02.956 [info] Got 1 sessions for ...
2025-09-14 08:58:02.957 [info] Getting sessions for read:user,repo,user:email,workflow...
2025-09-14 08:58:02.958 [info] Got 0 sessions for read:user,repo,user:email,workflow...
2025-09-14 08:58:02.958 [info] Getting sessions for user:email...
2025-09-14 08:58:02.958 [info] Got 1 sessions for user:email...
2025-09-14 08:58:02.958 [info] Getting sessions for read:user,repo,user:email,workflow...
2025-09-14 08:58:02.958 [info] Got 0 sessions for read:user,repo,user:email,workflow...
2025-09-14 08:58:02.961 [info] Getting sessions for all scopes...
2025-09-14 08:58:02.961 [info] Got 1 sessions for ...
2025-09-14 08:58:02.963 [info] Getting sessions for all scopes...
2025-09-14 08:58:02.963 [info] Got 1 sessions for ...
2025-09-14 08:58:02.963 [info] Getting sessions for all scopes...
2025-09-14 08:58:02.963 [info] Got 1 sessions for ...
2025-09-14 08:58:02.967 [info] Getting sessions for read:user,repo,user:email,workflow...
2025-09-14 08:58:02.967 [info] Got 0 sessions for read:user,repo,user:email,workflow...
2025-09-14 08:58:02.967 [info] Getting sessions for user:email...
2025-09-14 08:58:02.967 [info] Got 1 sessions for user:email...
2025-09-14 08:58:03.990 [info] Getting sessions for all scopes...
2025-09-14 08:58:03.990 [info] Got 1 sessions for ...
2025-09-14 08:58:03.991 [info] Getting sessions for read:user,repo,user:email,workflow...
2025-09-14 08:58:03.991 [info] Got 0 sessions for read:user,repo,user:email,workflow...
2025-09-14 08:58:03.992 [info] Getting sessions for user:email...
2025-09-14 08:58:03.993 [info] Got 1 sessions for user:email...
2025-09-14 08:58:04.673 [info] Getting sessions for all scopes...
2025-09-14 08:58:04.673 [info] Got 1 sessions for ...
2025-09-14 08:58:04.824 [info] Getting sessions for all scopes...
2025-09-14 08:58:04.824 [info] Got 1 sessions for ...
2025-09-14 08:58:04.826 [info] Getting sessions for read:user,repo,user:email,workflow...
2025-09-14 08:58:04.826 [info] Got 0 sessions for read:user,repo,user:email,workflow...
2025-09-14 08:58:04.826 [info] Getting sessions for user:email...
2025-09-14 08:58:04.826 [info] Got 1 sessions for user:email...
2025-09-14 08:58:09.001 [info] Getting sessions for all scopes...
2025-09-14 08:58:09.001 [info] Got 1 sessions for ...
2025-09-14 08:58:09.003 [info] Getting sessions for read:user,repo,user:email,workflow...
2025-09-14 08:58:09.003 [info] Got 0 sessions for read:user,repo,user:email,workflow...
2025-09-14 08:58:09.005 [info] Getting sessions for user:email...
2025-09-14 08:58:09.005 [info] Got 1 sessions for user:email...
2025-09-14 08:58:09.160 [info] Getting sessions for all scopes...
2025-09-14 08:58:09.160 [info] Got 1 sessions for ...
2025-09-14 08:58:09.161 [info] Getting sessions for read:user,repo,user:email,workflow...
2025-09-14 08:58:09.161 [info] Got 0 sessions for read:user,repo,user:email,workflow...
2025-09-14 08:58:09.162 [info] Getting sessions for user:email...
2025-09-14 08:58:09.162 [info] Got 1 sessions for user:email...
2025-09-14 08:58:10.199 [info] Getting sessions for all scopes...
2025-09-14 08:58:10.199 [info] Got 1 sessions for ...
2025-09-14 08:58:10.201 [info] Getting sessions for read:user,repo,user:email,workflow...
2025-09-14 08:58:10.201 [info] Got 0 sessions for read:user,repo,user:email,workflow...
2025-09-14 08:58:10.202 [info] Getting sessions for user:email...
2025-09-14 08:58:10.202 [info] Got 1 sessions for user:email...
2025-09-14 08:58:11.399 [info] Getting sessions for all scopes...
2025-09-14 08:58:11.399 [info] Got 1 sessions for ...
2025-09-14 08:58:11.400 [info] Getting sessions for read:user,repo,user:email,workflow...
2025-09-14 08:58:11.400 [info] Got 0 sessions for read:user,repo,user:email,workflow...
2025-09-14 08:58:11.402 [info] Getting sessions for user:email...
2025-09-14 08:58:11.402 [info] Got 1 sessions for user:email...
2025-09-14 08:58:11.807 [info] Getting sessions for all scopes...
2025-09-14 08:58:11.807 [info] Got 1 sessions for ...
2025-09-14 08:58:11.808 [info] Getting sessions for read:user,repo,user:email,workflow...
2025-09-14 08:58:11.808 [info] Got 0 sessions for read:user,repo,user:email,workflow...
2025-09-14 08:58:11.808 [info] Getting sessions for user:email...
2025-09-14 08:58:11.808 [info] Got 1 sessions for user:email...
2025-09-14 08:58:51.429 [info] Getting sessions for all scopes...
2025-09-14 08:58:51.429 [info] Got 1 sessions for ...
2025-09-14 08:58:51.431 [info] Getting sessions for read:user,repo,user:email,workflow...
2025-09-14 08:58:51.431 [info] Got 0 sessions for read:user,repo,user:email,workflow...
2025-09-14 08:58:51.431 [info] Getting sessions for user:email...
2025-09-14 08:58:51.431 [info] Got 1 sessions for user:email...
2025-09-14 08:58:56.264 [info] Getting sessions for all scopes...
2025-09-14 08:58:56.264 [info] Got 1 sessions for ...
2025-09-14 08:58:56.268 [info] Getting sessions for read:user,repo,user:email,workflow...
2025-09-14 08:58:56.268 [info] Got 0 sessions for read:user,repo,user:email,workflow...
2025-09-14 08:58:56.271 [info] Getting sessions for user:email...
2025-09-14 08:58:56.271 [info] Got 1 sessions for user:email...
2025-09-14 08:59:51.753 [info] Getting sessions for all scopes...
2025-09-14 08:59:51.753 [info] Got 1 sessions for ...
2025-09-14 08:59:51.754 [info] Getting sessions for read:user,repo,user:email,workflow...
2025-09-14 08:59:51.754 [info] Got 0 sessions for read:user,repo,user:email,workflow...
2025-09-14 08:59:51.754 [info] Getting sessions for user:email...
2025-09-14 08:59:51.754 [info] Got 1 sessions for user:email...
